2025-09-12 23:48:11,978 INFO: === Début traitement du fichier RAW ===
2025-09-12 23:48:11,978 INFO: Fichier : raw/raw00.docx
2025-09-12 23:48:13,121 INFO: Nombre de Sample ID trouvés : 1
2025-09-12 23:48:13,121 INFO: Traitement du Sample ID : CRE2-2025-TP002-02
2025-09-12 23:48:13,122 INFO:   - Configurations : 4
2025-09-12 23:48:13,122 INFO:   - Paramètres de test par configuration : 4
2025-09-12 23:48:13,122 INFO:     Configuration ER_In front of harness RBW 9kHz : 8 mesures
2025-09-12 23:48:13,122 INFO:     - Paramètres de test : ['Sample ID', 'Configuration', 'Project', 'Operator', 'Test Configuration', 'Operating mode']
2025-09-12 23:48:13,126 INFO:     - Verdict global : OK
2025-09-12 23:48:13,126 INFO:     Configuration ER_In front of harness RBW 9kHz_GNSS : 0 mesures
2025-09-12 23:48:13,126 INFO:     - Paramètres de test : ['Sample ID', 'Configuration', 'Project', 'Operator', 'Test Configuration', 'Operating mode']
2025-09-12 23:48:13,126 INFO:     - Verdict global : OK
2025-09-12 23:48:13,126 INFO:     Configuration ER_In front of DUT RBW 9kHz_GNSS : 0 mesures
2025-09-12 23:48:13,127 INFO:     - Paramètres de test : ['Sample ID', 'Configuration', 'Project', 'Operator', 'Test Configuration', 'Operating mode']
2025-09-12 23:48:13,127 INFO:     - Verdict global : OK
2025-09-12 23:48:13,127 INFO:     Configuration ER_In front of harness RBW 120kHz With PA : 0 mesures
2025-09-12 23:48:13,127 INFO:     - Paramètres de test : ['Sample ID', 'Configuration', 'Project', 'Operator', 'Test Configuration', 'Operating mode']
2025-09-12 23:48:13,127 INFO:     - Verdict global : OK
2025-09-12 23:48:14,640 INFO: Exports générés : out/Processed_RAW00.docx, out/Processed_RAW00.csv, out/Processed_RAW00.xlsx
2025-09-12 23:48:14,640 INFO: === Fin traitement ===
