2025-09-09 02:46:23,827 INFO: === Début traitement du fichier RAW ===
2025-09-09 02:46:23,828 INFO: Fichier : raw/raw01.docx
2025-09-09 02:46:31,216 INFO: Nombre de Sample ID trouvés : 1
2025-09-09 02:46:31,216 INFO: Traitement du Sample ID : CRE2-2025-TP002-02
2025-09-09 02:46:31,216 INFO:   - Paramètres : 3
2025-09-09 02:46:31,216 INFO:   - Configurations : 13
2025-09-09 02:46:31,216 INFO:     Configuration ER_In front of harness RBW 9kHz : 8 mesures
2025-09-09 02:46:31,216 INFO:     - Verdict global : OK
2025-09-09 02:46:31,216 INFO:     Configuration ER_In front of harness RBW 9kHz_GNSS : 0 mesures
2025-09-09 02:46:31,218 INFO:     - Verdict global : OK
2025-09-09 02:46:31,218 INFO:     Configuration ER_In front of DUT RBW 9kHz_GNSS : 0 mesures
2025-09-09 02:46:31,218 INFO:     - Verdict global : OK
2025-09-09 02:46:31,219 INFO:     Configuration ER_In front of harness RBW 120kHz With PA : 0 mesures
2025-09-09 02:46:31,219 INFO:     - Verdict global : OK
2025-09-09 02:46:31,219 INFO:     Configuration ER_In front of harness RBW 1MHz With PA : 0 mesures
2025-09-09 02:46:31,219 INFO:     - Verdict global : OK
2025-09-09 02:46:31,219 INFO:     Configuration ER_In front of DUT RBW 120kHz With PA : 0 mesures
2025-09-09 02:46:31,219 INFO:     - Verdict global : OK
2025-09-09 02:46:31,219 INFO:     Configuration ER_In front of DUT RBW 1MHz With PA : 0 mesures
2025-09-09 02:46:31,219 INFO:     - Verdict global : OK
2025-09-09 02:46:31,219 INFO:     Configuration ER_In front of DUT RBW 9kHz_GNSS : 0 mesures
2025-09-09 02:46:31,219 INFO:     - Verdict global : OK
2025-09-09 02:46:31,219 INFO:     Configuration ER_In front of DUT RBW 120kHz With PA : 0 mesures
2025-09-09 02:46:31,219 INFO:     - Verdict global : OK
2025-09-09 02:46:31,219 INFO:     Configuration ER_In front of DUT RBW 1MHz With PA : 0 mesures
2025-09-09 02:46:31,219 INFO:     - Verdict global : OK
2025-09-09 02:46:31,219 INFO:     Configuration ER_In front of DUT RBW 9kHz_GNSS : 0 mesures
2025-09-09 02:46:31,219 INFO:     - Verdict global : OK
2025-09-09 02:46:31,219 INFO:     Configuration ER_In front of DUT RBW 120kHz With PA : 0 mesures
2025-09-09 02:46:31,219 INFO:     - Verdict global : OK
2025-09-09 02:46:31,219 INFO:     Configuration ER_In front of DUT RBW 1MHz With PA : 0 mesures
2025-09-09 02:46:31,220 INFO:     - Verdict global : OK
2025-09-09 02:46:32,355 INFO: Exports générés : out/Processed_RAW01.docx, out/Processed_RAW01.csv, out/Processed_RAW01.xlsx
2025-09-09 02:46:32,355 INFO: === Fin traitement ===
