2025-09-12 00:18:28,523 INFO: === Début traitement du fichier RAW ===
2025-09-12 00:18:28,524 INFO: Fichier : raw/raw00.docx
2025-09-12 00:18:29,109 INFO: Nombre de Sample ID trouvés : 1
2025-09-12 00:18:29,109 INFO: Traitement du Sample ID : CRE2-2025-TP002-02
2025-09-12 00:18:29,109 INFO:   - Configurations : 4
2025-09-12 00:18:29,109 INFO:   - Paramètres de test par configuration : 4
2025-09-12 00:18:29,109 INFO:     Configuration ER_In front of harness RBW 9kHz : 0 mesures
2025-09-12 00:18:29,109 INFO:     - Paramètres de test : ['Sample ID', 'Configuration']
2025-09-12 00:18:29,109 INFO:     - Verdict global : OK
2025-09-12 00:18:29,110 INFO:     Configuration ER_In front of harness RBW 9kHz_GNSS : 0 mesures
2025-09-12 00:18:29,110 INFO:     - Paramètres de test : ['Sample ID', 'Configuration', 'Project']
2025-09-12 00:18:29,110 INFO:     - Verdict global : OK
2025-09-12 00:18:29,110 INFO:     Configuration ER_In front of DUT RBW 9kHz_GNSS : 0 mesures
2025-09-12 00:18:29,110 INFO:     - Paramètres de test : ['Sample ID', 'Configuration', 'Project']
2025-09-12 00:18:29,110 INFO:     - Verdict global : OK
2025-09-12 00:18:29,111 INFO:     Configuration ER_In front of harness RBW 120kHz With PA : 0 mesures
2025-09-12 00:18:29,111 INFO:     - Paramètres de test : ['Sample ID', 'Configuration', 'Project']
2025-09-12 00:18:29,111 INFO:     - Verdict global : OK
2025-09-12 00:18:29,849 INFO: Exports générés : out/Processed_RAW00.docx, out/Processed_RAW00.csv, out/Processed_RAW00.xlsx
2025-09-12 00:18:29,849 INFO: === Fin traitement ===
