2025-09-09 02:24:32,943 INFO: === Début traitement du fichier RAW ===
2025-09-09 02:24:32,943 INFO: Fichier : raw/raw01.docx
2025-09-09 02:24:38,719 INFO: Nombre de Sample ID trouvés : 1
2025-09-09 02:24:38,719 INFO: Traitement du Sample ID : CRE2-2025-TP002-02
2025-09-09 02:24:38,719 INFO:   - Paramètres : 3
2025-09-09 02:24:38,719 INFO:   - Configurations : 13
2025-09-09 02:24:38,719 INFO:     Configuration ER_In front of harness RBW 9kHz : 0 mesures
2025-09-09 02:24:38,720 INFO:     - Verdict global : OK
2025-09-09 02:24:38,720 INFO:     Configuration ER_In front of harness RBW 9kHz_GNSS : 0 mesures
2025-09-09 02:24:38,720 INFO:     - Verdict global : OK
2025-09-09 02:24:38,720 INFO:     Configuration ER_In front of DUT RBW 9kHz_GNSS : 0 mesures
2025-09-09 02:24:38,720 INFO:     - Verdict global : OK
2025-09-09 02:24:38,720 INFO:     Configuration ER_In front of harness RBW 120kHz With PA : 0 mesures
2025-09-09 02:24:38,720 INFO:     - Verdict global : OK
2025-09-09 02:24:38,720 INFO:     Configuration ER_In front of harness RBW 1MHz With PA : 0 mesures
2025-09-09 02:24:38,720 INFO:     - Verdict global : OK
2025-09-09 02:24:38,720 INFO:     Configuration ER_In front of DUT RBW 120kHz With PA : 0 mesures
2025-09-09 02:24:38,720 INFO:     - Verdict global : OK
2025-09-09 02:24:38,720 INFO:     Configuration ER_In front of DUT RBW 1MHz With PA : 0 mesures
2025-09-09 02:24:38,720 INFO:     - Verdict global : OK
2025-09-09 02:24:38,720 INFO:     Configuration ER_In front of DUT RBW 9kHz_GNSS : 0 mesures
2025-09-09 02:24:38,720 INFO:     - Verdict global : OK
2025-09-09 02:24:38,720 INFO:     Configuration ER_In front of DUT RBW 120kHz With PA : 0 mesures
2025-09-09 02:24:38,721 INFO:     - Verdict global : OK
2025-09-09 02:24:38,721 INFO:     Configuration ER_In front of DUT RBW 1MHz With PA : 0 mesures
2025-09-09 02:24:38,721 INFO:     - Verdict global : OK
2025-09-09 02:24:38,721 INFO:     Configuration ER_In front of DUT RBW 9kHz_GNSS : 0 mesures
2025-09-09 02:24:38,721 INFO:     - Verdict global : OK
2025-09-09 02:24:38,721 INFO:     Configuration ER_In front of DUT RBW 120kHz With PA : 0 mesures
2025-09-09 02:24:38,721 INFO:     - Verdict global : OK
2025-09-09 02:24:38,721 INFO:     Configuration ER_In front of DUT RBW 1MHz With PA : 0 mesures
2025-09-09 02:24:38,721 INFO:     - Verdict global : OK
