2025-09-12 23:22:05,164 INFO: === Début traitement du fichier RAW ===
2025-09-12 23:22:05,164 INFO: Fichier : raw/raw00.docx
2025-09-12 23:22:06,142 INFO: Nombre de Sample ID trouvés : 1
2025-09-12 23:22:06,143 INFO: Traitement du Sample ID : CRE2-2025-TP002-02
2025-09-12 23:22:06,143 INFO:   - Configurations : 4
2025-09-12 23:22:06,143 INFO:   - Paramètres de test par configuration : 4
2025-09-12 23:22:06,143 INFO:     Configuration ER_In front of harness RBW 9kHz : 8 mesures
2025-09-12 23:22:06,143 INFO:     - Paramètres de test : ['Sample ID', 'Configuration', 'Project']
2025-09-12 23:22:06,147 INFO:     - Verdict global : OK
2025-09-12 23:22:06,149 INFO:     Configuration ER_In front of harness RBW 9kHz_GNSS : 22 mesures
2025-09-12 23:22:06,149 INFO:     - Paramètres de test : ['Sample ID', 'Configuration', 'Project']
2025-09-12 23:22:06,149 INFO:     - Verdict global : OK
2025-09-12 23:22:06,149 INFO:     Configuration ER_In front of DUT RBW 9kHz_GNSS : 22 mesures
2025-09-12 23:22:06,149 INFO:     - Paramètres de test : ['Sample ID', 'Configuration', 'Project']
2025-09-12 23:22:06,149 INFO:     - Verdict global : OK
2025-09-12 23:22:06,149 INFO:     Configuration ER_In front of harness RBW 120kHz With PA : 22 mesures
2025-09-12 23:22:06,149 INFO:     - Paramètres de test : ['Sample ID', 'Configuration', 'Project']
2025-09-12 23:22:06,150 INFO:     - Verdict global : OK
2025-09-12 23:22:08,012 INFO: Exports générés : out/Processed_RAW00.docx, out/Processed_RAW00.csv, out/Processed_RAW00.xlsx
2025-09-12 23:22:08,013 INFO: === Fin traitement ===
