2025-09-24 00:15:55,065 INFO: === Début traitement du fichier RAW ===
2025-09-24 00:15:55,065 INFO: Fichier : raw/raw00.docx
2025-09-24 00:16:03,999 INFO: Nombre de Sample ID trouvés : 1
2025-09-24 00:16:03,999 INFO: Traitement du Sample ID : CRE2-2025-TP002-01
2025-09-24 00:16:03,999 INFO:   - Configurations : 11
2025-09-24 00:16:03,999 INFO:   - Paramčtres de test par configuration : 7
2025-09-24 00:16:03,999 INFO:     Configuration ER_In front of harness RBW 9kHz : 6 mesures
2025-09-24 00:16:04,000 INFO:     - Paramčtres de test : ['Sample ID', 'Configuration', 'Project', 'Operator', 'Test Configuration', 'Operating mode']
2025-09-24 00:16:04,010 INFO:     - Verdict global : OK
2025-09-24 00:16:04,010 INFO:     Configuration ER_In front of harness RBW 9kHz_GNSS : 2 mesures
2025-09-24 00:16:04,010 INFO:     - Paramčtres de test : ['Sample ID', 'Configuration', 'Project', 'Operator', 'Test Configuration', 'Operating mode']
2025-09-24 00:16:04,017 INFO:     - Verdict global : OK
2025-09-24 00:16:04,017 INFO:     Configuration ER_In front of DUT RBW 9kHz_GNSS : 2 mesures
2025-09-24 00:16:04,017 INFO:     - Paramčtres de test : ['Sample ID', 'Configuration', 'Project', 'Operator', 'Test Configuration', 'Operating mode']
2025-09-24 00:16:04,021 INFO:     - Verdict global : OK
2025-09-24 00:16:04,021 INFO:     Configuration ER_In front of harness RBW 120kHz : 12 mesures
2025-09-24 00:16:04,021 INFO:     - Paramčtres de test : ['Sample ID', 'Configuration', 'Project', 'Operator', 'Test Configuration', 'Operating mode']
2025-09-24 00:16:04,040 INFO:     - Verdict global : OK
2025-09-24 00:16:04,041 INFO:     Configuration ER_In front of harness RBW 1MHz : 8 mesures
2025-09-24 00:16:04,041 INFO:     - Paramčtres de test : ['Sample ID', 'Configuration', 'Project', 'Operator', 'Test Configuration', 'Operating mode']
2025-09-24 00:16:04,053 INFO:     - Verdict global : OK
2025-09-24 00:16:04,054 INFO:     Configuration ER_In front of DUT RBW 120kHz : 12 mesures
2025-09-24 00:16:04,054 INFO:     - Paramčtres de test : ['Sample ID', 'Configuration', 'Project', 'Operator', 'Test Configuration', 'Operating mode']
2025-09-24 00:16:04,069 INFO:     - Verdict global : OK
2025-09-24 00:16:04,069 INFO:     Configuration ER_In front of DUT RBW 1MHz : 12 mesures
2025-09-24 00:16:04,069 INFO:     - Paramčtres de test : ['Sample ID', 'Configuration', 'Project', 'Operator', 'Test Configuration', 'Operating mode']
2025-09-24 00:16:04,085 INFO:     - Verdict global : OK
2025-09-24 00:16:04,085 INFO:     Configuration ER_In front of DUT RBW 9kHz_GNSS : 2 mesures
2025-09-24 00:16:04,085 INFO:     - Paramčtres de test : ['Sample ID', 'Configuration', 'Project', 'Operator', 'Test Configuration', 'Operating mode']
2025-09-24 00:16:04,088 INFO:     - Verdict global : OK
2025-09-24 00:16:04,088 INFO:     Configuration ER_In front of DUT RBW 120kHz : 12 mesures
2025-09-24 00:16:04,088 INFO:     - Paramčtres de test : ['Sample ID', 'Configuration', 'Project', 'Operator', 'Test Configuration', 'Operating mode']
2025-09-24 00:16:04,105 INFO:     - Verdict global : OK
2025-09-24 00:16:04,105 INFO:     Configuration ER_In front of DUT RBW 9kHz_GNSS : 2 mesures
2025-09-24 00:16:04,105 INFO:     - Paramčtres de test : ['Sample ID', 'Configuration', 'Project', 'Operator', 'Test Configuration', 'Operating mode']
2025-09-24 00:16:04,111 INFO:     - Verdict global : OK
2025-09-24 00:16:04,111 INFO:     Configuration ER_In front of DUT RBW 120kHz : 12 mesures
2025-09-24 00:16:04,111 INFO:     - Paramčtres de test : ['Sample ID', 'Configuration', 'Project', 'Operator', 'Test Configuration', 'Operating mode']
2025-09-24 00:16:04,128 INFO:     - Verdict global : OK
2025-09-24 00:16:05,192 INFO: Exports générés : out/Processed_RAW00.docx, out/Processed_RAW00.csv, out/Processed_RAW00.xlsx
2025-09-24 00:16:05,192 INFO: === Fin traitement ===
