2025-09-11 00:41:58,835 INFO: === Début traitement du fichier RAW ===
2025-09-11 00:41:58,835 INFO: Fichier : raw/raw01.docx
2025-09-11 00:42:01,367 INFO: Nombre de Sample ID trouvés : 1
2025-09-11 00:42:01,367 INFO: Traitement du Sample ID : CRE2-2025-TP002-02
2025-09-11 00:42:01,368 INFO:   - Configurations : 13
2025-09-11 00:42:01,368 INFO:   - Paramètres de test par configuration : 7
2025-09-11 00:42:01,368 INFO:     Configuration ER_In front of harness RBW 9kHz : 0 mesures
2025-09-11 00:42:01,368 INFO:     - Paramètres de test : ['Sample ID', 'Configuration']
2025-09-11 00:42:01,368 INFO:     - Verdict global : OK
2025-09-11 00:42:01,368 INFO:     Configuration ER_In front of harness RBW 9kHz_GNSS : 0 mesures
2025-09-11 00:42:01,368 INFO:     - Paramètres de test : ['Sample ID', 'Configuration']
2025-09-11 00:42:01,369 INFO:     - Verdict global : OK
2025-09-11 00:42:01,369 INFO:     Configuration ER_In front of DUT RBW 9kHz_GNSS : 0 mesures
2025-09-11 00:42:01,369 INFO:     - Paramètres de test : ['Sample ID', 'Configuration']
2025-09-11 00:42:01,369 INFO:     - Verdict global : OK
2025-09-11 00:42:01,369 INFO:     Configuration ER_In front of harness RBW 120kHz With PA : 0 mesures
2025-09-11 00:42:01,369 INFO:     - Paramètres de test : ['Sample ID', 'Configuration']
2025-09-11 00:42:01,369 INFO:     - Verdict global : OK
2025-09-11 00:42:01,369 INFO:     Configuration ER_In front of harness RBW 1MHz With PA : 0 mesures
2025-09-11 00:42:01,369 INFO:     - Paramètres de test : ['Sample ID', 'Configuration']
2025-09-11 00:42:01,369 INFO:     - Verdict global : OK
2025-09-11 00:42:01,369 INFO:     Configuration ER_In front of DUT RBW 120kHz With PA : 0 mesures
2025-09-11 00:42:01,369 INFO:     - Paramètres de test : ['Sample ID', 'Configuration']
2025-09-11 00:42:01,369 INFO:     - Verdict global : OK
2025-09-11 00:42:01,369 INFO:     Configuration ER_In front of DUT RBW 1MHz With PA : 0 mesures
2025-09-11 00:42:01,369 INFO:     - Paramètres de test : ['Sample ID', 'Configuration']
2025-09-11 00:42:01,369 INFO:     - Verdict global : OK
2025-09-11 00:42:01,369 INFO:     Configuration ER_In front of DUT RBW 9kHz_GNSS : 0 mesures
2025-09-11 00:42:01,369 INFO:     - Paramètres de test : ['Sample ID', 'Configuration']
2025-09-11 00:42:01,369 INFO:     - Verdict global : OK
2025-09-11 00:42:01,370 INFO:     Configuration ER_In front of DUT RBW 120kHz With PA : 0 mesures
2025-09-11 00:42:01,370 INFO:     - Paramètres de test : ['Sample ID', 'Configuration']
2025-09-11 00:42:01,370 INFO:     - Verdict global : OK
2025-09-11 00:42:01,370 INFO:     Configuration ER_In front of DUT RBW 1MHz With PA : 0 mesures
2025-09-11 00:42:01,370 INFO:     - Paramètres de test : ['Sample ID', 'Configuration']
2025-09-11 00:42:01,370 INFO:     - Verdict global : OK
2025-09-11 00:42:01,370 INFO:     Configuration ER_In front of DUT RBW 9kHz_GNSS : 0 mesures
2025-09-11 00:42:01,370 INFO:     - Paramètres de test : ['Sample ID', 'Configuration']
2025-09-11 00:42:01,370 INFO:     - Verdict global : OK
2025-09-11 00:42:01,370 INFO:     Configuration ER_In front of DUT RBW 120kHz With PA : 0 mesures
2025-09-11 00:42:01,370 INFO:     - Paramètres de test : ['Sample ID', 'Configuration']
2025-09-11 00:42:01,370 INFO:     - Verdict global : OK
2025-09-11 00:42:01,370 INFO:     Configuration ER_In front of DUT RBW 1MHz With PA : 0 mesures
2025-09-11 00:42:01,370 INFO:     - Paramètres de test : ['Sample ID', 'Configuration']
2025-09-11 00:42:01,370 INFO:     - Verdict global : OK
2025-09-11 00:42:02,209 INFO: Exports générés : out/Processed_RAW01.docx, out/Processed_RAW01.csv, out/Processed_RAW01.xlsx
2025-09-11 00:42:02,209 INFO: === Fin traitement ===
