2025-09-23 00:21:51,199 INFO: === Dķbut traitement du fichier RAW ===
2025-09-23 00:21:51,199 INFO: Fichier : raw/raw00.docx
2025-09-23 00:21:51,906 INFO: Nombre de Sample ID trouvķs : 1
2025-09-23 00:21:51,907 INFO: Traitement du Sample ID : CRE2-2025-TP002-02
2025-09-23 00:21:51,907 INFO:   - Configurations : 4
2025-09-23 00:21:51,907 INFO:   - ParamĶtres de test par configuration : 4
2025-09-23 00:21:51,907 INFO:     Configuration ER_In front of harness RBW 9kHz : 8 mesures
2025-09-23 00:21:51,907 INFO:     - ParamĶtres de test : ['Sample ID', 'Configuration', 'Project', 'Operator', 'Test Configuration', 'Operating mode']
2025-09-23 00:21:51,913 INFO:     - Verdict global : OK
2025-09-23 00:21:51,914 INFO:     Configuration ER_In front of harness RBW 9kHz_GNSS : 0 mesures
2025-09-23 00:21:51,914 INFO:     - ParamĶtres de test : ['Sample ID', 'Configuration', 'Project', 'Operator', 'Test Configuration', 'Operating mode']
2025-09-23 00:21:51,914 INFO:     - Verdict global : OK
2025-09-23 00:21:51,914 INFO:     Configuration ER_In front of DUT RBW 9kHz_GNSS : 0 mesures
2025-09-23 00:21:51,914 INFO:     - ParamĶtres de test : ['Sample ID', 'Configuration', 'Project', 'Operator', 'Test Configuration', 'Operating mode']
2025-09-23 00:21:51,915 INFO:     - Verdict global : OK
2025-09-23 00:21:51,915 INFO:     Configuration ER_In front of harness RBW 120kHz With PA : 0 mesures
2025-09-23 00:21:51,915 INFO:     - ParamĶtres de test : ['Sample ID', 'Configuration', 'Project', 'Operator', 'Test Configuration', 'Operating mode']
2025-09-23 00:21:51,916 INFO:     - Verdict global : OK
2025-09-23 00:21:52,629 INFO: Exports gķnķrķs : out/Processed_RAW00.docx, out/Processed_RAW00.csv, out/Processed_RAW00.xlsx
2025-09-23 00:21:52,629 INFO: === Fin traitement ===
