2025-09-12 00:27:15,772 INFO: === Début traitement du fichier RAW ===
2025-09-12 00:27:15,772 INFO: Fichier : raw/raw00.docx
2025-09-12 00:27:16,217 INFO: Nombre de Sample ID trouvés : 1
2025-09-12 00:27:16,217 INFO: Traitement du Sample ID : CRE2-2025-TP002-02
2025-09-12 00:27:16,218 INFO:   - Configurations : 4
2025-09-12 00:27:16,218 INFO:   - Paramètres de test par configuration : 4
2025-09-12 00:27:16,218 INFO:     Configuration ER_In front of harness RBW 9kHz : 56 mesures
2025-09-12 00:27:16,218 INFO:     - Paramètres de test : ['Sample ID', 'Configuration']
2025-09-12 00:27:16,218 INFO:     - Verdict global : OK
2025-09-12 00:27:16,219 INFO:     Configuration ER_In front of harness RBW 9kHz_GNSS : 0 mesures
2025-09-12 00:27:16,219 INFO:     - Paramètres de test : ['Sample ID', 'Configuration', 'Project']
2025-09-12 00:27:16,219 INFO:     - Verdict global : OK
2025-09-12 00:27:16,219 INFO:     Configuration ER_In front of DUT RBW 9kHz_GNSS : 0 mesures
2025-09-12 00:27:16,219 INFO:     - Paramètres de test : ['Sample ID', 'Configuration', 'Project']
2025-09-12 00:27:16,219 INFO:     - Verdict global : OK
2025-09-12 00:27:16,220 INFO:     Configuration ER_In front of harness RBW 120kHz With PA : 0 mesures
2025-09-12 00:27:16,220 INFO:     - Paramètres de test : ['Sample ID', 'Configuration', 'Project']
2025-09-12 00:27:16,220 INFO:     - Verdict global : OK
2025-09-12 00:27:17,005 INFO: Exports générés : out/Processed_RAW00.docx, out/Processed_RAW00.csv, out/Processed_RAW00.xlsx
2025-09-12 00:27:17,005 INFO: === Fin traitement ===
