2025-09-13 02:11:00,179 INFO: === Début traitement du fichier RAW ===
2025-09-13 02:11:00,180 INFO: Fichier : raw/raw00.docx
2025-09-13 02:11:00,870 INFO: Nombre de Sample ID trouvés : 1
2025-09-13 02:11:00,870 INFO: Traitement du Sample ID : CRE2-2025-TP002-02
2025-09-13 02:11:00,870 INFO:   - Configurations : 4
2025-09-13 02:11:00,870 INFO:   - Paramètres de test par configuration : 4
2025-09-13 02:11:00,870 INFO:     Configuration ER_In front of harness RBW 9kHz : 6 mesures
2025-09-13 02:11:00,870 INFO:     - Paramètres de test : ['Sample ID', 'Configuration', 'Project', 'Operator', 'Test Configuration', 'Operating mode']
2025-09-13 02:11:00,872 INFO:     - Verdict global : NOK
2025-09-13 02:11:00,872 INFO:     Configuration ER_In front of harness RBW 9kHz_GNSS : 0 mesures
2025-09-13 02:11:00,872 INFO:     - Paramètres de test : ['Sample ID', 'Configuration', 'Project', 'Operator', 'Test Configuration', 'Operating mode']
2025-09-13 02:11:00,872 INFO:     - Verdict global : OK
2025-09-13 02:11:00,872 INFO:     Configuration ER_In front of DUT RBW 9kHz_GNSS : 0 mesures
2025-09-13 02:11:00,872 INFO:     - Paramètres de test : ['Sample ID', 'Configuration', 'Project', 'Operator', 'Test Configuration', 'Operating mode']
2025-09-13 02:11:00,872 INFO:     - Verdict global : OK
2025-09-13 02:11:00,872 INFO:     Configuration ER_In front of harness RBW 120kHz With PA : 0 mesures
2025-09-13 02:11:00,872 INFO:     - Paramètres de test : ['Sample ID', 'Configuration', 'Project', 'Operator', 'Test Configuration', 'Operating mode']
2025-09-13 02:11:00,872 INFO:     - Verdict global : OK
2025-09-13 02:11:01,654 INFO: Exports générés : out/Processed_RAW00.docx, out/Processed_RAW00.csv, out/Processed_RAW00.xlsx
2025-09-13 02:11:01,654 INFO: === Fin traitement ===
