2025-09-23 00:30:51,711 INFO: === Dķbut traitement du fichier RAW ===
2025-09-23 00:30:51,712 INFO: Fichier : raw/raw00.docx
2025-09-23 00:30:52,492 INFO: Nombre de Sample ID trouvķs : 1
2025-09-23 00:30:52,492 INFO: Traitement du Sample ID : CRE2-2025-TP002-02
2025-09-23 00:30:52,493 INFO:   - Configurations : 4
2025-09-23 00:30:52,493 INFO:   - ParamĶtres de test par configuration : 4
2025-09-23 00:30:52,493 INFO:     Configuration ER_In front of harness RBW 9kHz : 8 mesures
2025-09-23 00:30:52,493 INFO:     - ParamĶtres de test : ['Sample ID', 'Configuration', 'Project', 'Operator', 'Test Configuration', 'Operating mode']
2025-09-23 00:30:52,503 INFO:     - Verdict global : OK
2025-09-23 00:30:52,504 INFO:     Configuration ER_In front of harness RBW 9kHz_GNSS : 0 mesures
2025-09-23 00:30:52,504 INFO:     - ParamĶtres de test : ['Sample ID', 'Configuration', 'Project', 'Operator', 'Test Configuration', 'Operating mode']
2025-09-23 00:30:52,505 INFO:     - Verdict global : OK
2025-09-23 00:30:52,505 INFO:     Configuration ER_In front of DUT RBW 9kHz_GNSS : 0 mesures
2025-09-23 00:30:52,505 INFO:     - ParamĶtres de test : ['Sample ID', 'Configuration', 'Project', 'Operator', 'Test Configuration', 'Operating mode']
2025-09-23 00:30:52,506 INFO:     - Verdict global : OK
2025-09-23 00:30:52,506 INFO:     Configuration ER_In front of harness RBW 120kHz With PA : 0 mesures
2025-09-23 00:30:52,506 INFO:     - ParamĶtres de test : ['Sample ID', 'Configuration', 'Project', 'Operator', 'Test Configuration', 'Operating mode']
2025-09-23 00:30:52,507 INFO:     - Verdict global : OK
2025-09-23 00:30:53,167 INFO: Exports gķnķrķs : out/Processed_RAW00.docx, out/Processed_RAW00.csv, out/Processed_RAW00.xlsx
2025-09-23 00:30:53,167 INFO: === Fin traitement ===
