2025-09-09 02:26:13,158 INFO: === Début traitement du fichier RAW ===
2025-09-09 02:26:13,158 INFO: Fichier : raw/raw01.docx
2025-09-09 02:26:20,920 INFO: Nombre de Sample ID trouvés : 1
2025-09-09 02:26:20,921 INFO: Traitement du Sample ID : CRE2-2025-TP002-02
2025-09-09 02:26:20,921 INFO:   - Paramètres : 3
2025-09-09 02:26:20,921 INFO:   - Configurations : 13
2025-09-09 02:26:20,921 INFO:     Configuration ER_In front of harness RBW 9kHz : 0 mesures
2025-09-09 02:26:20,921 INFO:     - Verdict global : OK
2025-09-09 02:26:20,922 INFO:     Configuration ER_In front of harness RBW 9kHz_GNSS : 0 mesures
2025-09-09 02:26:20,922 INFO:     - Verdict global : OK
2025-09-09 02:26:20,922 INFO:     Configuration ER_In front of DUT RBW 9kHz_GNSS : 0 mesures
2025-09-09 02:26:20,923 INFO:     - Verdict global : OK
2025-09-09 02:26:20,923 INFO:     Configuration ER_In front of harness RBW 120kHz With PA : 0 mesures
2025-09-09 02:26:20,923 INFO:     - Verdict global : OK
2025-09-09 02:26:20,923 INFO:     Configuration ER_In front of harness RBW 1MHz With PA : 0 mesures
2025-09-09 02:26:20,923 INFO:     - Verdict global : OK
2025-09-09 02:26:20,923 INFO:     Configuration ER_In front of DUT RBW 120kHz With PA : 0 mesures
2025-09-09 02:26:20,923 INFO:     - Verdict global : OK
2025-09-09 02:26:20,923 INFO:     Configuration ER_In front of DUT RBW 1MHz With PA : 0 mesures
2025-09-09 02:26:20,923 INFO:     - Verdict global : OK
2025-09-09 02:26:20,923 INFO:     Configuration ER_In front of DUT RBW 9kHz_GNSS : 0 mesures
2025-09-09 02:26:20,924 INFO:     - Verdict global : OK
2025-09-09 02:26:20,924 INFO:     Configuration ER_In front of DUT RBW 120kHz With PA : 0 mesures
2025-09-09 02:26:20,924 INFO:     - Verdict global : OK
2025-09-09 02:26:20,924 INFO:     Configuration ER_In front of DUT RBW 1MHz With PA : 0 mesures
2025-09-09 02:26:20,924 INFO:     - Verdict global : OK
2025-09-09 02:26:20,924 INFO:     Configuration ER_In front of DUT RBW 9kHz_GNSS : 0 mesures
2025-09-09 02:26:20,924 INFO:     - Verdict global : OK
2025-09-09 02:26:20,924 INFO:     Configuration ER_In front of DUT RBW 120kHz With PA : 0 mesures
2025-09-09 02:26:20,924 INFO:     - Verdict global : OK
2025-09-09 02:26:20,924 INFO:     Configuration ER_In front of DUT RBW 1MHz With PA : 0 mesures
2025-09-09 02:26:20,924 INFO:     - Verdict global : OK
2025-09-09 02:26:22,004 INFO: Exports générés : out/Processed_RAW01.docx, out/Processed_RAW01.csv, out/Processed_RAW01.xlsx
2025-09-09 02:26:22,005 INFO: === Fin traitement ===
