2025-09-09 02:35:57,966 INFO: === Début traitement du fichier RAW ===
2025-09-09 02:35:57,966 INFO: Fichier : raw/raw01.docx
2025-09-09 02:36:02,998 INFO: Nombre de Sample ID trouvés : 1
2025-09-09 02:36:02,998 INFO: Traitement du Sample ID : CRE2-2025-TP002-02
2025-09-09 02:36:02,998 INFO:   - Paramètres : 3
2025-09-09 02:36:02,999 INFO:   - Configurations : 13
2025-09-09 02:36:02,999 INFO:     Configuration ER_In front of harness RBW 9kHz : 2 mesures
2025-09-09 02:36:02,999 INFO:     - Verdict global : OK
2025-09-09 02:36:02,999 INFO:     Configuration ER_In front of harness RBW 9kHz_GNSS : 0 mesures
2025-09-09 02:36:02,999 INFO:     - Verdict global : OK
2025-09-09 02:36:02,999 INFO:     Configuration ER_In front of DUT RBW 9kHz_GNSS : 0 mesures
2025-09-09 02:36:02,999 INFO:     - Verdict global : OK
2025-09-09 02:36:02,999 INFO:     Configuration ER_In front of harness RBW 120kHz With PA : 0 mesures
2025-09-09 02:36:02,999 INFO:     - Verdict global : OK
2025-09-09 02:36:02,999 INFO:     Configuration ER_In front of harness RBW 1MHz With PA : 0 mesures
2025-09-09 02:36:02,999 INFO:     - Verdict global : OK
2025-09-09 02:36:03,001 INFO:     Configuration ER_In front of DUT RBW 120kHz With PA : 0 mesures
2025-09-09 02:36:03,001 INFO:     - Verdict global : OK
2025-09-09 02:36:03,001 INFO:     Configuration ER_In front of DUT RBW 1MHz With PA : 0 mesures
2025-09-09 02:36:03,001 INFO:     - Verdict global : OK
2025-09-09 02:36:03,001 INFO:     Configuration ER_In front of DUT RBW 9kHz_GNSS : 0 mesures
2025-09-09 02:36:03,001 INFO:     - Verdict global : OK
2025-09-09 02:36:03,001 INFO:     Configuration ER_In front of DUT RBW 120kHz With PA : 0 mesures
2025-09-09 02:36:03,001 INFO:     - Verdict global : OK
2025-09-09 02:36:03,001 INFO:     Configuration ER_In front of DUT RBW 1MHz With PA : 0 mesures
2025-09-09 02:36:03,001 INFO:     - Verdict global : OK
2025-09-09 02:36:03,001 INFO:     Configuration ER_In front of DUT RBW 9kHz_GNSS : 0 mesures
2025-09-09 02:36:03,002 INFO:     - Verdict global : OK
2025-09-09 02:36:03,002 INFO:     Configuration ER_In front of DUT RBW 120kHz With PA : 0 mesures
2025-09-09 02:36:03,002 INFO:     - Verdict global : OK
2025-09-09 02:36:03,002 INFO:     Configuration ER_In front of DUT RBW 1MHz With PA : 0 mesures
2025-09-09 02:36:03,002 INFO:     - Verdict global : OK
2025-09-09 02:36:03,814 INFO: Exports générés : out/Processed_RAW01.docx, out/Processed_RAW01.csv, out/Processed_RAW01.xlsx
2025-09-09 02:36:03,814 INFO: === Fin traitement ===
