2025-09-23 22:58:13,900 INFO: === Dķbut traitement du fichier RAW ===
2025-09-23 22:58:13,900 INFO: Fichier : raw/raw00.docx
2025-09-23 22:58:14,640 INFO: Nombre de Sample ID trouvķs : 1
2025-09-23 22:58:14,640 INFO: Traitement du Sample ID : CRE2-2025-TP002-02
2025-09-23 22:58:14,640 INFO:   - Configurations : 4
2025-09-23 22:58:14,640 INFO:   - ParamĶtres de test par configuration : 4
2025-09-23 22:58:14,641 INFO:     Configuration ER_In front of harness RBW 9kHz : 6 mesures
2025-09-23 22:58:14,641 INFO:     - ParamĶtres de test : ['Sample ID', 'Configuration', 'Project', 'Operator', 'Test Configuration', 'Operating mode']
2025-09-23 22:58:14,662 INFO:     - Verdict global : OK
2025-09-23 22:58:14,662 INFO:     Configuration ER_In front of harness RBW 9kHz_GNSS : 0 mesures
2025-09-23 22:58:14,662 INFO:     - ParamĶtres de test : ['Sample ID', 'Configuration', 'Project', 'Operator', 'Test Configuration', 'Operating mode']
2025-09-23 22:58:14,663 INFO:     - Verdict global : OK
2025-09-23 22:58:14,663 INFO:     Configuration ER_In front of DUT RBW 9kHz_GNSS : 0 mesures
2025-09-23 22:58:14,663 INFO:     - ParamĶtres de test : ['Sample ID', 'Configuration', 'Project', 'Operator', 'Test Configuration', 'Operating mode']
2025-09-23 22:58:14,664 INFO:     - Verdict global : OK
2025-09-23 22:58:14,664 INFO:     Configuration ER_In front of harness RBW 120kHz With PA : 0 mesures
2025-09-23 22:58:14,664 INFO:     - ParamĶtres de test : ['Sample ID', 'Configuration', 'Project', 'Operator', 'Test Configuration', 'Operating mode']
2025-09-23 22:58:14,666 INFO:     - Verdict global : OK
2025-09-23 22:58:15,438 INFO: Exports gķnķrķs : out/Processed_RAW00.docx, out/Processed_RAW00.csv, out/Processed_RAW00.xlsx
2025-09-23 22:58:15,438 INFO: === Fin traitement ===
