2025-09-24 00:36:17,307 INFO: === Début traitement du fichier RAW ===
2025-09-24 00:36:17,307 INFO: Fichier : raw/raw00.docx
2025-09-24 00:36:37,479 INFO: Nombre de Sample ID trouvés : 1
2025-09-24 00:36:37,481 INFO: Traitement du Sample ID : CRE2-2025-TP002-01
2025-09-24 00:36:37,481 INFO:   - Configurations : 11
2025-09-24 00:36:37,481 INFO:   - Paramčtres de test par configuration : 7
2025-09-24 00:36:37,481 INFO:     Configuration ER_In front of harness RBW 9kHz : 6 mesures
2025-09-24 00:36:37,481 INFO:     - Paramčtres de test : ['Sample ID', 'Configuration', 'Project', 'Operator', 'Test Configuration', 'Axis', 'Operating mode']
2025-09-24 00:36:37,491 INFO:     - Verdict global : OK
2025-09-24 00:36:37,491 INFO:     Configuration ER_In front of harness RBW 9kHz_GNSS : 2 mesures
2025-09-24 00:36:37,491 INFO:     - Paramčtres de test : ['Sample ID', 'Configuration', 'Project', 'Operator', 'Test Configuration', 'Axis', 'Operating mode']
2025-09-24 00:36:37,494 INFO:     - Verdict global : OK
2025-09-24 00:36:37,494 INFO:     Configuration ER_In front of DUT RBW 9kHz_GNSS : 2 mesures
2025-09-24 00:36:37,495 INFO:     - Paramčtres de test : ['Sample ID', 'Configuration', 'Project', 'Operator', 'Test Configuration', 'Axis', 'Operating mode']
2025-09-24 00:36:37,499 INFO:     - Verdict global : OK
2025-09-24 00:36:37,499 INFO:     Configuration ER_In front of harness RBW 120kHz : 12 mesures
2025-09-24 00:36:37,499 INFO:     - Paramčtres de test : ['Sample ID', 'Configuration', 'Project', 'Operator', 'Test Configuration', 'Axis', 'Operating mode']
2025-09-24 00:36:37,517 INFO:     - Verdict global : OK
2025-09-24 00:36:37,517 INFO:     Configuration ER_In front of harness RBW 1MHz : 8 mesures
2025-09-24 00:36:37,517 INFO:     - Paramčtres de test : ['Sample ID', 'Configuration', 'Project', 'Operator', 'Test Configuration', 'Axis', 'Operating mode']
2025-09-24 00:36:37,528 INFO:     - Verdict global : OK
2025-09-24 00:36:37,528 INFO:     Configuration ER_In front of DUT RBW 120kHz : 12 mesures
2025-09-24 00:36:37,529 INFO:     - Paramčtres de test : ['Sample ID', 'Configuration', 'Project', 'Operator', 'Test Configuration', 'Axis', 'Operating mode']
2025-09-24 00:36:37,545 INFO:     - Verdict global : OK
2025-09-24 00:36:37,545 INFO:     Configuration ER_In front of DUT RBW 1MHz : 12 mesures
2025-09-24 00:36:37,546 INFO:     - Paramčtres de test : ['Sample ID', 'Configuration', 'Project', 'Operator', 'Test Configuration', 'Axis', 'Operating mode']
2025-09-24 00:36:37,563 INFO:     - Verdict global : OK
2025-09-24 00:36:37,563 INFO:     Configuration ER_In front of DUT RBW 9kHz_GNSS : 2 mesures
2025-09-24 00:36:37,563 INFO:     - Paramčtres de test : ['Sample ID', 'Configuration', 'Project', 'Operator', 'Test Configuration', 'Axis', 'Operating mode']
2025-09-24 00:36:37,567 INFO:     - Verdict global : OK
2025-09-24 00:36:37,567 INFO:     Configuration ER_In front of DUT RBW 120kHz : 12 mesures
2025-09-24 00:36:37,568 INFO:     - Paramčtres de test : ['Sample ID', 'Configuration', 'Project', 'Operator', 'Test Configuration', 'Axis', 'Operating mode']
2025-09-24 00:36:37,593 INFO:     - Verdict global : OK
2025-09-24 00:36:37,593 INFO:     Configuration ER_In front of DUT RBW 9kHz_GNSS : 2 mesures
2025-09-24 00:36:37,593 INFO:     - Paramčtres de test : ['Sample ID', 'Configuration', 'Project', 'Operator', 'Test Configuration', 'Axis', 'Operating mode']
2025-09-24 00:36:37,598 INFO:     - Verdict global : OK
2025-09-24 00:36:37,598 INFO:     Configuration ER_In front of DUT RBW 120kHz : 12 mesures
2025-09-24 00:36:37,598 INFO:     - Paramčtres de test : ['Sample ID', 'Configuration', 'Project', 'Operator', 'Test Configuration', 'Axis', 'Operating mode']
2025-09-24 00:36:37,614 INFO:     - Verdict global : OK
2025-09-24 00:36:38,597 INFO: Exports générés : out/Processed_RAW00.docx, out/Processed_RAW00.csv, out/Processed_RAW00.xlsx
2025-09-24 00:36:38,597 INFO: === Fin traitement ===
