2025-09-23 22:11:38,305 INFO: === Dķbut traitement du fichier RAW ===
2025-09-23 22:11:38,306 INFO: Fichier : raw/raw00.docx
2025-09-23 22:11:39,005 INFO: Nombre de Sample ID trouvķs : 1
2025-09-23 22:11:39,005 INFO: Traitement du Sample ID : CRE2-2025-TP002-02
2025-09-23 22:11:39,005 INFO:   - Configurations : 4
2025-09-23 22:11:39,005 INFO:   - ParamĶtres de test par configuration : 4
2025-09-23 22:11:39,005 INFO:     Configuration ER_In front of harness RBW 9kHz : 8 mesures
2025-09-23 22:11:39,005 INFO:     - ParamĶtres de test : ['Sample ID', 'Configuration', 'Project', 'Operator', 'Test Configuration', 'Operating mode']
2025-09-23 22:11:39,016 INFO:     - Verdict global : OK
2025-09-23 22:11:39,016 INFO:     Configuration ER_In front of harness RBW 9kHz_GNSS : 0 mesures
2025-09-23 22:11:39,016 INFO:     - ParamĶtres de test : ['Sample ID', 'Configuration', 'Project', 'Operator', 'Test Configuration', 'Operating mode']
2025-09-23 22:11:39,017 INFO:     - Verdict global : OK
2025-09-23 22:11:39,017 INFO:     Configuration ER_In front of DUT RBW 9kHz_GNSS : 0 mesures
2025-09-23 22:11:39,018 INFO:     - ParamĶtres de test : ['Sample ID', 'Configuration', 'Project', 'Operator', 'Test Configuration', 'Operating mode']
2025-09-23 22:11:39,019 INFO:     - Verdict global : OK
2025-09-23 22:11:39,019 INFO:     Configuration ER_In front of harness RBW 120kHz With PA : 0 mesures
2025-09-23 22:11:39,020 INFO:     - ParamĶtres de test : ['Sample ID', 'Configuration', 'Project', 'Operator', 'Test Configuration', 'Operating mode']
2025-09-23 22:11:39,021 INFO:     - Verdict global : OK
2025-09-23 22:11:40,010 INFO: Exports gķnķrķs : out/Processed_RAW00.docx, out/Processed_RAW00.csv, out/Processed_RAW00.xlsx
2025-09-23 22:11:40,010 INFO: === Fin traitement ===
