2025-09-23 22:50:14,139 INFO: === Dķbut traitement du fichier RAW ===
2025-09-23 22:50:14,139 INFO: Fichier : raw/raw00.docx
2025-09-23 22:50:15,037 INFO: Nombre de Sample ID trouvķs : 1
2025-09-23 22:50:15,037 INFO: Traitement du Sample ID : CRE2-2025-TP002-02
2025-09-23 22:50:15,037 INFO:   - Configurations : 4
2025-09-23 22:50:15,037 INFO:   - ParamĶtres de test par configuration : 4
2025-09-23 22:50:15,037 INFO:     Configuration ER_In front of harness RBW 9kHz : 6 mesures
2025-09-23 22:50:15,037 INFO:     - ParamĶtres de test : ['Sample ID', 'Configuration', 'Project', 'Operator', 'Test Configuration', 'Operating mode']
2025-09-23 22:50:15,046 INFO:     - Verdict global : OK
2025-09-23 22:50:15,046 INFO:     Configuration ER_In front of harness RBW 9kHz_GNSS : 0 mesures
2025-09-23 22:50:15,046 INFO:     - ParamĶtres de test : ['Sample ID', 'Configuration', 'Project', 'Operator', 'Test Configuration', 'Operating mode']
2025-09-23 22:50:15,047 INFO:     - Verdict global : OK
2025-09-23 22:50:15,047 INFO:     Configuration ER_In front of DUT RBW 9kHz_GNSS : 0 mesures
2025-09-23 22:50:15,047 INFO:     - ParamĶtres de test : ['Sample ID', 'Configuration', 'Project', 'Operator', 'Test Configuration', 'Operating mode']
2025-09-23 22:50:15,048 INFO:     - Verdict global : OK
2025-09-23 22:50:15,048 INFO:     Configuration ER_In front of harness RBW 120kHz With PA : 0 mesures
2025-09-23 22:50:15,048 INFO:     - ParamĶtres de test : ['Sample ID', 'Configuration', 'Project', 'Operator', 'Test Configuration', 'Operating mode']
2025-09-23 22:50:15,049 INFO:     - Verdict global : OK
2025-09-23 22:50:15,787 INFO: Exports gķnķrķs : out/Processed_RAW00.docx, out/Processed_RAW00.csv, out/Processed_RAW00.xlsx
2025-09-23 22:50:15,787 INFO: === Fin traitement ===
