2025-09-24 00:27:47,867 INFO: === Début traitement du fichier RAW ===
2025-09-24 00:27:47,867 INFO: Fichier : raw/raw00.docx
2025-09-24 00:27:55,003 INFO: Nombre de Sample ID trouvés : 1
2025-09-24 00:27:55,003 INFO: Traitement du Sample ID : CRE2-2025-TP002-01
2025-09-24 00:27:55,003 INFO:   - Configurations : 11
2025-09-24 00:27:55,003 INFO:   - Paramčtres de test par configuration : 7
2025-09-24 00:27:55,003 INFO:     Configuration ER_In front of harness RBW 9kHz : 6 mesures
2025-09-24 00:27:55,003 INFO:     - Paramčtres de test : ['Sample ID', 'Configuration', 'Project', 'Operator', 'Test Configuration', 'Operating mode']
2025-09-24 00:27:55,014 INFO:     - Verdict global : OK
2025-09-24 00:27:55,015 INFO:     Configuration ER_In front of harness RBW 9kHz_GNSS : 2 mesures
2025-09-24 00:27:55,015 INFO:     - Paramčtres de test : ['Sample ID', 'Configuration', 'Project', 'Operator', 'Test Configuration', 'Operating mode']
2025-09-24 00:27:55,032 INFO:     - Verdict global : OK
2025-09-24 00:27:55,033 INFO:     Configuration ER_In front of DUT RBW 9kHz_GNSS : 2 mesures
2025-09-24 00:27:55,033 INFO:     - Paramčtres de test : ['Sample ID', 'Configuration', 'Project', 'Operator', 'Test Configuration', 'Operating mode']
2025-09-24 00:27:55,036 INFO:     - Verdict global : OK
2025-09-24 00:27:55,037 INFO:     Configuration ER_In front of harness RBW 120kHz : 12 mesures
2025-09-24 00:27:55,037 INFO:     - Paramčtres de test : ['Sample ID', 'Configuration', 'Project', 'Operator', 'Test Configuration', 'Operating mode']
2025-09-24 00:27:55,055 INFO:     - Verdict global : OK
2025-09-24 00:27:55,056 INFO:     Configuration ER_In front of harness RBW 1MHz : 8 mesures
2025-09-24 00:27:55,056 INFO:     - Paramčtres de test : ['Sample ID', 'Configuration', 'Project', 'Operator', 'Test Configuration', 'Operating mode']
2025-09-24 00:27:55,065 INFO:     - Verdict global : OK
2025-09-24 00:27:55,066 INFO:     Configuration ER_In front of DUT RBW 120kHz : 12 mesures
2025-09-24 00:27:55,066 INFO:     - Paramčtres de test : ['Sample ID', 'Configuration', 'Project', 'Operator', 'Test Configuration', 'Operating mode']
2025-09-24 00:27:55,080 INFO:     - Verdict global : OK
2025-09-24 00:27:55,080 INFO:     Configuration ER_In front of DUT RBW 1MHz : 12 mesures
2025-09-24 00:27:55,080 INFO:     - Paramčtres de test : ['Sample ID', 'Configuration', 'Project', 'Operator', 'Test Configuration', 'Operating mode']
2025-09-24 00:27:55,094 INFO:     - Verdict global : OK
2025-09-24 00:27:55,094 INFO:     Configuration ER_In front of DUT RBW 9kHz_GNSS : 2 mesures
2025-09-24 00:27:55,094 INFO:     - Paramčtres de test : ['Sample ID', 'Configuration', 'Project', 'Operator', 'Test Configuration', 'Operating mode']
2025-09-24 00:27:55,096 INFO:     - Verdict global : OK
2025-09-24 00:27:55,096 INFO:     Configuration ER_In front of DUT RBW 120kHz : 12 mesures
2025-09-24 00:27:55,096 INFO:     - Paramčtres de test : ['Sample ID', 'Configuration', 'Project', 'Operator', 'Test Configuration', 'Operating mode']
2025-09-24 00:27:55,109 INFO:     - Verdict global : OK
2025-09-24 00:27:55,109 INFO:     Configuration ER_In front of DUT RBW 9kHz_GNSS : 2 mesures
2025-09-24 00:27:55,109 INFO:     - Paramčtres de test : ['Sample ID', 'Configuration', 'Project', 'Operator', 'Test Configuration', 'Operating mode']
2025-09-24 00:27:55,113 INFO:     - Verdict global : OK
2025-09-24 00:27:55,113 INFO:     Configuration ER_In front of DUT RBW 120kHz : 12 mesures
2025-09-24 00:27:55,113 INFO:     - Paramčtres de test : ['Sample ID', 'Configuration', 'Project', 'Operator', 'Test Configuration', 'Operating mode']
2025-09-24 00:27:55,127 INFO:     - Verdict global : OK
2025-09-24 00:27:55,934 INFO: Exports générés : out/Processed_RAW00.docx, out/Processed_RAW00.csv, out/Processed_RAW00.xlsx
2025-09-24 00:27:55,935 INFO: === Fin traitement ===
