2025-09-22 23:20:20,724 INFO: === Dķbut traitement du fichier RAW ===
2025-09-22 23:20:20,724 INFO: Fichier : raw/raw00.docx
2025-09-22 23:20:21,428 INFO: Nombre de Sample ID trouvķs : 1
2025-09-22 23:20:21,428 INFO: Traitement du Sample ID : CRE2-2025-TP002-02
2025-09-22 23:20:21,429 INFO:   - Configurations : 4
2025-09-22 23:20:21,429 INFO:   - ParamĶtres de test par configuration : 4
2025-09-22 23:20:21,429 INFO:     Configuration ER_In front of harness RBW 9kHz : 8 mesures
2025-09-22 23:20:21,429 INFO:     - ParamĶtres de test : ['Sample ID', 'Configuration', 'Project', 'Operator', 'Test Configuration', 'Operating mode']
2025-09-22 23:20:21,429 INFO:     - Verdict global : OK
2025-09-22 23:20:21,429 INFO:     Configuration ER_In front of harness RBW 9kHz_GNSS : 0 mesures
2025-09-22 23:20:21,429 INFO:     - ParamĶtres de test : ['Sample ID', 'Configuration', 'Project', 'Operator', 'Test Configuration', 'Operating mode']
2025-09-22 23:20:21,430 INFO:     - Verdict global : OK
2025-09-22 23:20:21,430 INFO:     Configuration ER_In front of DUT RBW 9kHz_GNSS : 0 mesures
2025-09-22 23:20:21,430 INFO:     - ParamĶtres de test : ['Sample ID', 'Configuration', 'Project', 'Operator', 'Test Configuration', 'Operating mode']
2025-09-22 23:20:21,430 INFO:     - Verdict global : OK
2025-09-22 23:20:21,430 INFO:     Configuration ER_In front of harness RBW 120kHz With PA : 0 mesures
2025-09-22 23:20:21,430 INFO:     - ParamĶtres de test : ['Sample ID', 'Configuration', 'Project', 'Operator', 'Test Configuration', 'Operating mode']
2025-09-22 23:20:21,430 INFO:     - Verdict global : OK
2025-09-22 23:20:22,210 INFO: Exports gķnķrķs : out/Processed_RAW00.docx, out/Processed_RAW00.csv, out/Processed_RAW00.xlsx
2025-09-22 23:20:22,211 INFO: === Fin traitement ===
