2025-09-22 23:24:19,852 INFO: === Dķbut traitement du fichier RAW ===
2025-09-22 23:24:19,852 INFO: Fichier : raw/raw00.docx
2025-09-22 23:24:20,542 INFO: Nombre de Sample ID trouvķs : 1
2025-09-22 23:24:20,542 INFO: Traitement du Sample ID : CRE2-2025-TP002-02
2025-09-22 23:24:20,543 INFO:   - Configurations : 4
2025-09-22 23:24:20,543 INFO:   - ParamĶtres de test par configuration : 4
2025-09-22 23:24:20,543 INFO:     Configuration ER_In front of harness RBW 9kHz : 8 mesures
2025-09-22 23:24:20,543 INFO:     - ParamĶtres de test : ['Sample ID', 'Configuration', 'Project', 'Operator', 'Test Configuration', 'Operating mode']
2025-09-22 23:24:20,544 INFO:     - Verdict global : OK
2025-09-22 23:24:20,544 INFO:     Configuration ER_In front of harness RBW 9kHz_GNSS : 0 mesures
2025-09-22 23:24:20,544 INFO:     - ParamĶtres de test : ['Sample ID', 'Configuration', 'Project', 'Operator', 'Test Configuration', 'Operating mode']
2025-09-22 23:24:20,544 INFO:     - Verdict global : OK
2025-09-22 23:24:20,544 INFO:     Configuration ER_In front of DUT RBW 9kHz_GNSS : 0 mesures
2025-09-22 23:24:20,544 INFO:     - ParamĶtres de test : ['Sample ID', 'Configuration', 'Project', 'Operator', 'Test Configuration', 'Operating mode']
2025-09-22 23:24:20,545 INFO:     - Verdict global : OK
2025-09-22 23:24:20,545 INFO:     Configuration ER_In front of harness RBW 120kHz With PA : 0 mesures
2025-09-22 23:24:20,545 INFO:     - ParamĶtres de test : ['Sample ID', 'Configuration', 'Project', 'Operator', 'Test Configuration', 'Operating mode']
2025-09-22 23:24:20,545 INFO:     - Verdict global : OK
2025-09-22 23:24:21,373 INFO: Exports gķnķrķs : out/Processed_RAW00.docx, out/Processed_RAW00.csv, out/Processed_RAW00.xlsx
2025-09-22 23:24:21,374 INFO: === Fin traitement ===
