2025-09-11 02:09:17,565 INFO: === Début traitement du fichier RAW ===
2025-09-11 02:09:17,566 INFO: Fichier : raw/raw00.docx
2025-09-11 02:09:18,266 INFO: Nombre de Sample ID trouvés : 1
2025-09-11 02:09:18,266 INFO: Traitement du Sample ID : CRE2-2025-TP002-02
2025-09-11 02:09:18,266 INFO:   - Configurations : 4
2025-09-11 02:09:18,266 INFO:   - Paramètres de test par configuration : 4
2025-09-11 02:09:18,266 INFO:     Configuration ER_In front of harness RBW 9kHz : 8 mesures
2025-09-11 02:09:18,266 INFO:     - Paramètres de test : ['Sample ID', 'Configuration']
2025-09-11 02:09:18,266 INFO:     - Verdict global : OK
2025-09-11 02:09:18,267 INFO:     Configuration ER_In front of harness RBW 9kHz_GNSS : 0 mesures
2025-09-11 02:09:18,267 INFO:     - Paramètres de test : ['Sample ID', 'Configuration', 'Project']
2025-09-11 02:09:18,267 INFO:     - Verdict global : OK
2025-09-11 02:09:18,267 INFO:     Configuration ER_In front of DUT RBW 9kHz_GNSS : 0 mesures
2025-09-11 02:09:18,267 INFO:     - Paramètres de test : ['Sample ID', 'Configuration', 'Project']
2025-09-11 02:09:18,267 INFO:     - Verdict global : OK
2025-09-11 02:09:18,267 INFO:     Configuration ER_In front of harness RBW 120kHz With PA : 0 mesures
2025-09-11 02:09:18,267 INFO:     - Paramètres de test : ['Sample ID', 'Configuration', 'Project']
2025-09-11 02:09:18,267 INFO:     - Verdict global : OK
2025-09-11 02:09:18,917 INFO: Exports générés : out/Processed_RAW00.docx, out/Processed_RAW00.csv, out/Processed_RAW00.xlsx
2025-09-11 02:09:18,917 INFO: === Fin traitement ===
