2025-09-24 00:01:56,411 INFO: === Début traitement du fichier RAW ===
2025-09-24 00:01:56,412 INFO: Fichier : raw/raw00.docx
2025-09-24 00:02:04,016 INFO: Nombre de Sample ID trouvés : 1
2025-09-24 00:02:04,017 INFO: Traitement du Sample ID : CRE2-2025-TP002-01
2025-09-24 00:02:04,017 INFO:   - Configurations : 11
2025-09-24 00:02:04,017 INFO:   - Paramčtres de test par configuration : 7
2025-09-24 00:02:04,017 INFO:     Configuration ER_In front of harness RBW 9kHz : 6 mesures
2025-09-24 00:02:04,017 INFO:     - Paramčtres de test : ['Sample ID', 'Configuration', 'Project', 'Operator', 'Test Configuration', 'Operating mode']
2025-09-24 00:02:04,026 INFO:     - Verdict global : OK
2025-09-24 00:02:04,026 INFO:     Configuration ER_In front of harness RBW 9kHz_GNSS : 2 mesures
2025-09-24 00:02:04,026 INFO:     - Paramčtres de test : ['Sample ID', 'Configuration', 'Project', 'Operator', 'Test Configuration', 'Operating mode']
2025-09-24 00:02:04,030 INFO:     - Verdict global : OK
2025-09-24 00:02:04,031 INFO:     Configuration ER_In front of DUT RBW 9kHz_GNSS : 2 mesures
2025-09-24 00:02:04,031 INFO:     - Paramčtres de test : ['Sample ID', 'Configuration', 'Project', 'Operator', 'Test Configuration', 'Operating mode']
2025-09-24 00:02:04,049 INFO:     - Verdict global : OK
2025-09-24 00:02:04,049 INFO:     Configuration ER_In front of harness RBW 120kHz : 12 mesures
2025-09-24 00:02:04,049 INFO:     - Paramčtres de test : ['Sample ID', 'Configuration', 'Project', 'Operator', 'Test Configuration', 'Operating mode']
2025-09-24 00:02:04,144 INFO:     - Verdict global : OK
2025-09-24 00:02:04,144 INFO:     Configuration ER_In front of harness RBW 1MHz : 8 mesures
2025-09-24 00:02:04,144 INFO:     - Paramčtres de test : ['Sample ID', 'Configuration', 'Project', 'Operator', 'Test Configuration', 'Operating mode']
2025-09-24 00:02:04,152 INFO:     - Verdict global : OK
2025-09-24 00:02:04,154 INFO:     Configuration ER_In front of DUT RBW 120kHz : 12 mesures
2025-09-24 00:02:04,154 INFO:     - Paramčtres de test : ['Sample ID', 'Configuration', 'Project', 'Operator', 'Test Configuration', 'Operating mode']
2025-09-24 00:02:04,189 INFO:     - Verdict global : OK
2025-09-24 00:02:04,189 INFO:     Configuration ER_In front of DUT RBW 1MHz : 12 mesures
2025-09-24 00:02:04,189 INFO:     - Paramčtres de test : ['Sample ID', 'Configuration', 'Project', 'Operator', 'Test Configuration', 'Operating mode']
2025-09-24 00:02:04,205 INFO:     - Verdict global : OK
2025-09-24 00:02:04,205 INFO:     Configuration ER_In front of DUT RBW 9kHz_GNSS : 2 mesures
2025-09-24 00:02:04,205 INFO:     - Paramčtres de test : ['Sample ID', 'Configuration', 'Project', 'Operator', 'Test Configuration', 'Operating mode']
2025-09-24 00:02:04,209 INFO:     - Verdict global : OK
2025-09-24 00:02:04,209 INFO:     Configuration ER_In front of DUT RBW 120kHz : 12 mesures
2025-09-24 00:02:04,209 INFO:     - Paramčtres de test : ['Sample ID', 'Configuration', 'Project', 'Operator', 'Test Configuration', 'Operating mode']
2025-09-24 00:02:04,223 INFO:     - Verdict global : OK
2025-09-24 00:02:04,223 INFO:     Configuration ER_In front of DUT RBW 9kHz_GNSS : 2 mesures
2025-09-24 00:02:04,223 INFO:     - Paramčtres de test : ['Sample ID', 'Configuration', 'Project', 'Operator', 'Test Configuration', 'Operating mode']
2025-09-24 00:02:04,226 INFO:     - Verdict global : OK
2025-09-24 00:02:04,226 INFO:     Configuration ER_In front of DUT RBW 120kHz : 12 mesures
2025-09-24 00:02:04,226 INFO:     - Paramčtres de test : ['Sample ID', 'Configuration', 'Project', 'Operator', 'Test Configuration', 'Operating mode']
2025-09-24 00:02:04,242 INFO:     - Verdict global : OK
2025-09-24 00:02:05,216 INFO: Exports générés : out/Processed_RAW00.docx, out/Processed_RAW00.csv, out/Processed_RAW00.xlsx
2025-09-24 00:02:05,216 INFO: === Fin traitement ===
