2025-09-11 00:28:01,747 INFO: === Début traitement du fichier RAW ===
2025-09-11 00:28:01,747 INFO: Fichier : raw/raw01.docx
2025-09-11 00:28:12,293 INFO: Nombre de Sample ID trouvés : 1
2025-09-11 00:28:12,293 INFO: Traitement du Sample ID : CRE2-2025-TP002-02
2025-09-11 00:28:12,293 INFO:   - Configurations : 13
2025-09-11 00:28:12,293 INFO:   - Paramètres de test par configuration : 7
2025-09-11 00:28:12,293 INFO:     Configuration ER_In front of harness RBW 9kHz : 0 mesures
2025-09-11 00:28:12,293 INFO:     - Paramètres de test : ['Sample ID', 'Configuration']
2025-09-11 00:28:12,293 INFO:     - Verdict global : OK
2025-09-11 00:28:12,294 INFO:     Configuration ER_In front of harness RBW 9kHz_GNSS : 0 mesures
2025-09-11 00:28:12,294 INFO:     - Paramètres de test : ['Sample ID', 'Configuration']
2025-09-11 00:28:12,294 INFO:     - Verdict global : OK
2025-09-11 00:28:12,294 INFO:     Configuration ER_In front of DUT RBW 9kHz_GNSS : 0 mesures
2025-09-11 00:28:12,294 INFO:     - Paramètres de test : ['Sample ID', 'Configuration']
2025-09-11 00:28:12,294 INFO:     - Verdict global : OK
2025-09-11 00:28:12,294 INFO:     Configuration ER_In front of harness RBW 120kHz With PA : 0 mesures
2025-09-11 00:28:12,294 INFO:     - Paramètres de test : ['Sample ID', 'Configuration']
2025-09-11 00:28:12,294 INFO:     - Verdict global : OK
2025-09-11 00:28:12,294 INFO:     Configuration ER_In front of harness RBW 1MHz With PA : 0 mesures
2025-09-11 00:28:12,294 INFO:     - Paramètres de test : ['Sample ID', 'Configuration']
2025-09-11 00:28:12,294 INFO:     - Verdict global : OK
2025-09-11 00:28:12,294 INFO:     Configuration ER_In front of DUT RBW 120kHz With PA : 0 mesures
2025-09-11 00:28:12,295 INFO:     - Paramètres de test : ['Sample ID', 'Configuration']
2025-09-11 00:28:12,295 INFO:     - Verdict global : OK
2025-09-11 00:28:12,295 INFO:     Configuration ER_In front of DUT RBW 1MHz With PA : 0 mesures
2025-09-11 00:28:12,295 INFO:     - Paramètres de test : ['Sample ID', 'Configuration']
2025-09-11 00:28:12,295 INFO:     - Verdict global : OK
2025-09-11 00:28:12,295 INFO:     Configuration ER_In front of DUT RBW 9kHz_GNSS : 0 mesures
2025-09-11 00:28:12,295 INFO:     - Paramètres de test : ['Sample ID', 'Configuration']
2025-09-11 00:28:12,295 INFO:     - Verdict global : OK
2025-09-11 00:28:12,295 INFO:     Configuration ER_In front of DUT RBW 120kHz With PA : 0 mesures
2025-09-11 00:28:12,295 INFO:     - Paramètres de test : ['Sample ID', 'Configuration']
2025-09-11 00:28:12,295 INFO:     - Verdict global : OK
2025-09-11 00:28:12,295 INFO:     Configuration ER_In front of DUT RBW 1MHz With PA : 0 mesures
2025-09-11 00:28:12,295 INFO:     - Paramètres de test : ['Sample ID', 'Configuration']
2025-09-11 00:28:12,295 INFO:     - Verdict global : OK
2025-09-11 00:28:12,296 INFO:     Configuration ER_In front of DUT RBW 9kHz_GNSS : 0 mesures
2025-09-11 00:28:12,296 INFO:     - Paramètres de test : ['Sample ID', 'Configuration']
2025-09-11 00:28:12,296 INFO:     - Verdict global : OK
2025-09-11 00:28:12,296 INFO:     Configuration ER_In front of DUT RBW 120kHz With PA : 0 mesures
2025-09-11 00:28:12,296 INFO:     - Paramètres de test : ['Sample ID', 'Configuration']
2025-09-11 00:28:12,296 INFO:     - Verdict global : OK
2025-09-11 00:28:12,296 INFO:     Configuration ER_In front of DUT RBW 1MHz With PA : 0 mesures
2025-09-11 00:28:12,296 INFO:     - Paramètres de test : ['Sample ID', 'Configuration']
2025-09-11 00:28:12,296 INFO:     - Verdict global : OK
2025-09-11 00:28:13,024 INFO: Exports générés : out/Processed_RAW01.docx, out/Processed_RAW01.csv, out/Processed_RAW01.xlsx
2025-09-11 00:28:13,024 INFO: === Fin traitement ===
