2025-09-23 23:03:19,402 INFO: === Début traitement du fichier RAW ===
2025-09-23 23:03:19,402 INFO: Fichier : raw/raw00.docx
2025-09-23 23:03:26,825 INFO: Nombre de Sample ID trouvés : 1
2025-09-23 23:03:26,825 INFO: Traitement du Sample ID : CRE2-2025-TP002-01
2025-09-23 23:03:26,826 INFO:   - Configurations : 11
2025-09-23 23:03:26,826 INFO:   - Paramčtres de test par configuration : 7
2025-09-23 23:03:26,826 INFO:     Configuration ER_In front of harness RBW 9kHz : 6 mesures
2025-09-23 23:03:26,826 INFO:     - Paramčtres de test : ['Sample ID', 'Configuration', 'Project', 'Operator', 'Test Configuration', 'Operating mode']
2025-09-23 23:03:26,833 INFO:     - Verdict global : OK
2025-09-23 23:03:26,833 INFO:     Configuration ER_In front of harness RBW 9kHz_GNSS : 2 mesures
2025-09-23 23:03:26,833 INFO:     - Paramčtres de test : ['Sample ID', 'Configuration', 'Project', 'Operator', 'Test Configuration', 'Operating mode']
2025-09-23 23:03:26,837 INFO:     - Verdict global : OK
2025-09-23 23:03:26,837 INFO:     Configuration ER_In front of DUT RBW 9kHz_GNSS : 2 mesures
2025-09-23 23:03:26,837 INFO:     - Paramčtres de test : ['Sample ID', 'Configuration', 'Project', 'Operator', 'Test Configuration', 'Operating mode']
2025-09-23 23:03:26,840 INFO:     - Verdict global : OK
2025-09-23 23:03:26,840 INFO:     Configuration ER_In front of harness RBW 120kHz : 12 mesures
2025-09-23 23:03:26,840 INFO:     - Paramčtres de test : ['Sample ID', 'Configuration', 'Project', 'Operator', 'Test Configuration', 'Operating mode']
2025-09-23 23:03:26,853 INFO:     - Verdict global : OK
2025-09-23 23:03:26,853 INFO:     Configuration ER_In front of harness RBW 1MHz : 8 mesures
2025-09-23 23:03:26,853 INFO:     - Paramčtres de test : ['Sample ID', 'Configuration', 'Project', 'Operator', 'Test Configuration', 'Operating mode']
2025-09-23 23:03:26,860 INFO:     - Verdict global : OK
2025-09-23 23:03:26,860 INFO:     Configuration ER_In front of DUT RBW 120kHz : 12 mesures
2025-09-23 23:03:26,860 INFO:     - Paramčtres de test : ['Sample ID', 'Configuration', 'Project', 'Operator', 'Test Configuration', 'Operating mode']
2025-09-23 23:03:26,872 INFO:     - Verdict global : OK
2025-09-23 23:03:26,872 INFO:     Configuration ER_In front of DUT RBW 1MHz : 12 mesures
2025-09-23 23:03:26,872 INFO:     - Paramčtres de test : ['Sample ID', 'Configuration', 'Project', 'Operator', 'Test Configuration', 'Operating mode']
2025-09-23 23:03:26,884 INFO:     - Verdict global : OK
2025-09-23 23:03:26,884 INFO:     Configuration ER_In front of DUT RBW 9kHz_GNSS : 2 mesures
2025-09-23 23:03:26,884 INFO:     - Paramčtres de test : ['Sample ID', 'Configuration', 'Project', 'Operator', 'Test Configuration', 'Operating mode']
2025-09-23 23:03:26,889 INFO:     - Verdict global : OK
2025-09-23 23:03:26,889 INFO:     Configuration ER_In front of DUT RBW 120kHz : 12 mesures
2025-09-23 23:03:26,889 INFO:     - Paramčtres de test : ['Sample ID', 'Configuration', 'Project', 'Operator', 'Test Configuration', 'Operating mode']
2025-09-23 23:03:26,901 INFO:     - Verdict global : OK
2025-09-23 23:03:26,901 INFO:     Configuration ER_In front of DUT RBW 9kHz_GNSS : 2 mesures
2025-09-23 23:03:26,901 INFO:     - Paramčtres de test : ['Sample ID', 'Configuration', 'Project', 'Operator', 'Test Configuration', 'Operating mode']
2025-09-23 23:03:26,904 INFO:     - Verdict global : OK
2025-09-23 23:03:26,904 INFO:     Configuration ER_In front of DUT RBW 120kHz : 12 mesures
2025-09-23 23:03:26,904 INFO:     - Paramčtres de test : ['Sample ID', 'Configuration', 'Project', 'Operator', 'Test Configuration', 'Operating mode']
2025-09-23 23:03:26,915 INFO:     - Verdict global : OK
2025-09-23 23:03:27,758 INFO: Exports générés : out/Processed_RAW00.docx, out/Processed_RAW00.csv, out/Processed_RAW00.xlsx
2025-09-23 23:03:27,758 INFO: === Fin traitement ===
