2025-09-11 01:25:27,902 INFO: === Début traitement du fichier RAW ===
2025-09-11 01:25:27,902 INFO: Fichier : raw/raw01.docx
2025-09-11 01:25:30,695 INFO: Nombre de Sample ID trouvés : 1
2025-09-11 01:25:30,695 INFO: Traitement du Sample ID : CRE2-2025-TP002-02
2025-09-11 01:25:30,695 INFO:   - Configurations : 13
2025-09-11 01:25:30,695 INFO:   - Paramètres de test par configuration : 7
2025-09-11 01:25:30,695 INFO:     Configuration ER_In front of harness RBW 9kHz : 0 mesures
2025-09-11 01:25:30,695 INFO:     - Paramètres de test : ['Sample ID', 'Configuration']
2025-09-11 01:25:30,695 INFO:     - Verdict global : OK
2025-09-11 01:25:30,696 INFO:     Configuration ER_In front of harness RBW 9kHz_GNSS : 0 mesures
2025-09-11 01:25:30,696 INFO:     - Paramètres de test : ['Sample ID', 'Configuration']
2025-09-11 01:25:30,696 INFO:     - Verdict global : OK
2025-09-11 01:25:30,696 INFO:     Configuration ER_In front of DUT RBW 9kHz_GNSS : 0 mesures
2025-09-11 01:25:30,696 INFO:     - Paramètres de test : ['Sample ID', 'Configuration']
2025-09-11 01:25:30,696 INFO:     - Verdict global : OK
2025-09-11 01:25:30,696 INFO:     Configuration ER_In front of harness RBW 120kHz With PA : 0 mesures
2025-09-11 01:25:30,696 INFO:     - Paramètres de test : ['Sample ID', 'Configuration']
2025-09-11 01:25:30,696 INFO:     - Verdict global : OK
2025-09-11 01:25:30,696 INFO:     Configuration ER_In front of harness RBW 1MHz With PA : 0 mesures
2025-09-11 01:25:30,696 INFO:     - Paramètres de test : ['Sample ID', 'Configuration']
2025-09-11 01:25:30,696 INFO:     - Verdict global : OK
2025-09-11 01:25:30,696 INFO:     Configuration ER_In front of DUT RBW 120kHz With PA : 0 mesures
2025-09-11 01:25:30,696 INFO:     - Paramètres de test : ['Sample ID', 'Configuration']
2025-09-11 01:25:30,696 INFO:     - Verdict global : OK
2025-09-11 01:25:30,696 INFO:     Configuration ER_In front of DUT RBW 1MHz With PA : 0 mesures
2025-09-11 01:25:30,696 INFO:     - Paramètres de test : ['Sample ID', 'Configuration']
2025-09-11 01:25:30,696 INFO:     - Verdict global : OK
2025-09-11 01:25:30,697 INFO:     Configuration ER_In front of DUT RBW 9kHz_GNSS : 0 mesures
2025-09-11 01:25:30,697 INFO:     - Paramètres de test : ['Sample ID', 'Configuration']
2025-09-11 01:25:30,697 INFO:     - Verdict global : OK
2025-09-11 01:25:30,697 INFO:     Configuration ER_In front of DUT RBW 120kHz With PA : 0 mesures
2025-09-11 01:25:30,697 INFO:     - Paramètres de test : ['Sample ID', 'Configuration']
2025-09-11 01:25:30,697 INFO:     - Verdict global : OK
2025-09-11 01:25:30,697 INFO:     Configuration ER_In front of DUT RBW 1MHz With PA : 0 mesures
2025-09-11 01:25:30,697 INFO:     - Paramètres de test : ['Sample ID', 'Configuration']
2025-09-11 01:25:30,697 INFO:     - Verdict global : OK
2025-09-11 01:25:30,697 INFO:     Configuration ER_In front of DUT RBW 9kHz_GNSS : 0 mesures
2025-09-11 01:25:30,697 INFO:     - Paramètres de test : ['Sample ID', 'Configuration']
2025-09-11 01:25:30,697 INFO:     - Verdict global : OK
2025-09-11 01:25:30,697 INFO:     Configuration ER_In front of DUT RBW 120kHz With PA : 0 mesures
2025-09-11 01:25:30,697 INFO:     - Paramètres de test : ['Sample ID', 'Configuration']
2025-09-11 01:25:30,697 INFO:     - Verdict global : OK
2025-09-11 01:25:30,697 INFO:     Configuration ER_In front of DUT RBW 1MHz With PA : 0 mesures
2025-09-11 01:25:30,697 INFO:     - Paramètres de test : ['Sample ID', 'Configuration']
2025-09-11 01:25:30,697 INFO:     - Verdict global : OK
2025-09-11 01:25:31,470 INFO: Exports générés : out/Processed_RAW01.docx, out/Processed_RAW01.csv, out/Processed_RAW01.xlsx
2025-09-11 01:25:31,470 INFO: === Fin traitement ===
