2025-09-13 02:27:48,042 INFO: === Début traitement du fichier RAW ===
2025-09-13 02:27:48,042 INFO: Fichier : raw/raw00.docx
2025-09-13 02:27:48,677 INFO: Nombre de Sample ID trouvés : 1
2025-09-13 02:27:48,678 INFO: Traitement du Sample ID : CRE2-2025-TP002-02
2025-09-13 02:27:48,678 INFO:   - Configurations : 4
2025-09-13 02:27:48,678 INFO:   - Paramètres de test par configuration : 4
2025-09-13 02:27:48,678 INFO:     Configuration ER_In front of harness RBW 9kHz : 6 mesures
2025-09-13 02:27:48,678 INFO:     - Paramètres de test : ['Sample ID', 'Configuration', 'Project', 'Operator', 'Test Configuration', 'Operating mode']
2025-09-13 02:27:48,678 INFO:     - Verdict global : OK
2025-09-13 02:27:48,678 INFO:     Configuration ER_In front of harness RBW 9kHz_GNSS : 0 mesures
2025-09-13 02:27:48,678 INFO:     - Paramètres de test : ['Sample ID', 'Configuration', 'Project', 'Operator', 'Test Configuration', 'Operating mode']
2025-09-13 02:27:48,678 INFO:     - Verdict global : OK
2025-09-13 02:27:48,678 INFO:     Configuration ER_In front of DUT RBW 9kHz_GNSS : 0 mesures
2025-09-13 02:27:48,678 INFO:     - Paramètres de test : ['Sample ID', 'Configuration', 'Project', 'Operator', 'Test Configuration', 'Operating mode']
2025-09-13 02:27:48,678 INFO:     - Verdict global : OK
2025-09-13 02:27:48,680 INFO:     Configuration ER_In front of harness RBW 120kHz With PA : 0 mesures
2025-09-13 02:27:48,680 INFO:     - Paramètres de test : ['Sample ID', 'Configuration', 'Project', 'Operator', 'Test Configuration', 'Operating mode']
2025-09-13 02:27:48,680 INFO:     - Verdict global : OK
2025-09-13 02:27:49,285 INFO: Exports générés : out/Processed_RAW00.docx, out/Processed_RAW00.csv, out/Processed_RAW00.xlsx
2025-09-13 02:27:49,286 INFO: === Fin traitement ===
