2025-09-13 02:42:46,028 INFO: === Début traitement du fichier RAW ===
2025-09-13 02:42:46,029 INFO: Fichier : raw/raw00.docx
2025-09-13 02:42:46,692 INFO: Nombre de Sample ID trouvés : 1
2025-09-13 02:42:46,692 INFO: Traitement du Sample ID : CRE2-2025-TP002-02
2025-09-13 02:42:46,692 INFO:   - Configurations : 4
2025-09-13 02:42:46,692 INFO:   - Paramètres de test par configuration : 4
2025-09-13 02:42:46,692 INFO:     Configuration ER_In front of harness RBW 9kHz : 8 mesures
2025-09-13 02:42:46,692 INFO:     - Paramètres de test : ['Sample ID', 'Configuration', 'Project']
2025-09-13 02:42:46,693 INFO:     - Verdict global : OK
2025-09-13 02:42:46,693 INFO:     Configuration ER_In front of harness RBW 9kHz_GNSS : 0 mesures
2025-09-13 02:42:46,693 INFO:     - Paramètres de test : ['Sample ID', 'Configuration', 'Project']
2025-09-13 02:42:46,693 INFO:     - Verdict global : OK
2025-09-13 02:42:46,693 INFO:     Configuration ER_In front of DUT RBW 9kHz_GNSS : 0 mesures
2025-09-13 02:42:46,693 INFO:     - Paramètres de test : ['Sample ID', 'Configuration', 'Project']
2025-09-13 02:42:46,693 INFO:     - Verdict global : OK
2025-09-13 02:42:46,693 INFO:     Configuration ER_In front of harness RBW 120kHz With PA : 0 mesures
2025-09-13 02:42:46,693 INFO:     - Paramètres de test : ['Sample ID', 'Configuration', 'Project']
2025-09-13 02:42:46,693 INFO:     - Verdict global : OK
2025-09-13 02:42:47,354 INFO: Exports générés : out/Processed_RAW00.docx, out/Processed_RAW00.csv, out/Processed_RAW00.xlsx
2025-09-13 02:42:47,354 INFO: === Fin traitement ===
