2025-09-23 23:36:12,768 INFO: === Début traitement du fichier RAW ===
2025-09-23 23:36:12,768 INFO: Fichier : raw/raw00.docx
2025-09-23 23:36:19,650 INFO: Nombre de Sample ID trouvés : 1
2025-09-23 23:36:19,650 INFO: Traitement du Sample ID : CRE2-2025-TP002-01
2025-09-23 23:36:19,650 INFO:   - Configurations : 11
2025-09-23 23:36:19,650 INFO:   - Paramčtres de test par configuration : 7
2025-09-23 23:36:19,650 INFO:     Configuration ER_In front of harness RBW 9kHz : 6 mesures
2025-09-23 23:36:19,650 INFO:     - Paramčtres de test : ['Sample ID', 'Configuration', 'Project', 'Operator', 'Test Configuration', 'Operating mode']
2025-09-23 23:36:19,657 INFO:     - Verdict global : OK
2025-09-23 23:36:19,657 INFO:     Configuration ER_In front of harness RBW 9kHz_GNSS : 2 mesures
2025-09-23 23:36:19,657 INFO:     - Paramčtres de test : ['Sample ID', 'Configuration', 'Project', 'Operator', 'Test Configuration', 'Operating mode']
2025-09-23 23:36:19,661 INFO:     - Verdict global : OK
2025-09-23 23:36:19,661 INFO:     Configuration ER_In front of DUT RBW 9kHz_GNSS : 2 mesures
2025-09-23 23:36:19,661 INFO:     - Paramčtres de test : ['Sample ID', 'Configuration', 'Project', 'Operator', 'Test Configuration', 'Operating mode']
2025-09-23 23:36:19,665 INFO:     - Verdict global : OK
2025-09-23 23:36:19,665 INFO:     Configuration ER_In front of harness RBW 120kHz : 12 mesures
2025-09-23 23:36:19,665 INFO:     - Paramčtres de test : ['Sample ID', 'Configuration', 'Project', 'Operator', 'Test Configuration', 'Operating mode']
2025-09-23 23:36:19,677 INFO:     - Verdict global : OK
2025-09-23 23:36:19,677 INFO:     Configuration ER_In front of harness RBW 1MHz : 8 mesures
2025-09-23 23:36:19,677 INFO:     - Paramčtres de test : ['Sample ID', 'Configuration', 'Project', 'Operator', 'Test Configuration', 'Operating mode']
2025-09-23 23:36:19,703 INFO:     - Verdict global : OK
2025-09-23 23:36:19,703 INFO:     Configuration ER_In front of DUT RBW 120kHz : 12 mesures
2025-09-23 23:36:19,703 INFO:     - Paramčtres de test : ['Sample ID', 'Configuration', 'Project', 'Operator', 'Test Configuration', 'Operating mode']
2025-09-23 23:36:19,792 INFO:     - Verdict global : OK
2025-09-23 23:36:19,793 INFO:     Configuration ER_In front of DUT RBW 1MHz : 12 mesures
2025-09-23 23:36:19,793 INFO:     - Paramčtres de test : ['Sample ID', 'Configuration', 'Project', 'Operator', 'Test Configuration', 'Operating mode']
2025-09-23 23:36:19,803 INFO:     - Verdict global : OK
2025-09-23 23:36:19,803 INFO:     Configuration ER_In front of DUT RBW 9kHz_GNSS : 2 mesures
2025-09-23 23:36:19,803 INFO:     - Paramčtres de test : ['Sample ID', 'Configuration', 'Project', 'Operator', 'Test Configuration', 'Operating mode']
2025-09-23 23:36:19,807 INFO:     - Verdict global : OK
2025-09-23 23:36:19,807 INFO:     Configuration ER_In front of DUT RBW 120kHz : 12 mesures
2025-09-23 23:36:19,807 INFO:     - Paramčtres de test : ['Sample ID', 'Configuration', 'Project', 'Operator', 'Test Configuration', 'Operating mode']
2025-09-23 23:36:19,834 INFO:     - Verdict global : OK
2025-09-23 23:36:19,834 INFO:     Configuration ER_In front of DUT RBW 9kHz_GNSS : 2 mesures
2025-09-23 23:36:19,834 INFO:     - Paramčtres de test : ['Sample ID', 'Configuration', 'Project', 'Operator', 'Test Configuration', 'Operating mode']
2025-09-23 23:36:19,836 INFO:     - Verdict global : OK
2025-09-23 23:36:19,836 INFO:     Configuration ER_In front of DUT RBW 120kHz : 12 mesures
2025-09-23 23:36:19,836 INFO:     - Paramčtres de test : ['Sample ID', 'Configuration', 'Project', 'Operator', 'Test Configuration', 'Operating mode']
2025-09-23 23:36:19,847 INFO:     - Verdict global : OK
2025-09-23 23:36:20,639 INFO: Exports générés : out/Processed_RAW00.docx, out/Processed_RAW00.csv, out/Processed_RAW00.xlsx
2025-09-23 23:36:20,639 INFO: === Fin traitement ===
