2025-09-24 23:01:57,175 INFO: === Début traitement du fichier RAW ===
2025-09-24 23:01:57,176 INFO: Fichier : raw/raw00.docx
2025-09-24 23:02:13,668 INFO: Nombre de Sample ID trouvés : 1
2025-09-24 23:02:13,668 INFO: Traitement du Sample ID : CRE2-2025-TP002-01
2025-09-24 23:02:13,668 INFO:   - Configurations : 11
2025-09-24 23:02:13,668 INFO:   - Paramčtres de test par configuration : 7
2025-09-24 23:02:13,668 INFO:     Configuration ER_In front of harness RBW 9kHz : 6 mesures
2025-09-24 23:02:13,668 INFO:     - Paramčtres de test : ['Sample ID', 'Configuration', 'Project', 'Operator', 'Test Configuration', 'Axis', 'Operating mode']
2025-09-24 23:02:13,676 INFO:     - Verdict global : OK
2025-09-24 23:02:13,676 INFO:     Configuration ER_In front of harness RBW 9kHz_GNSS : 2 mesures
2025-09-24 23:02:13,676 INFO:     - Paramčtres de test : ['Sample ID', 'Configuration', 'Project', 'Operator', 'Test Configuration', 'Axis', 'Operating mode']
2025-09-24 23:02:13,680 INFO:     - Verdict global : OK
2025-09-24 23:02:13,680 INFO:     Configuration ER_In front of DUT RBW 9kHz_GNSS : 2 mesures
2025-09-24 23:02:13,680 INFO:     - Paramčtres de test : ['Sample ID', 'Configuration', 'Project', 'Operator', 'Test Configuration', 'Axis', 'Operating mode']
2025-09-24 23:02:13,684 INFO:     - Verdict global : OK
2025-09-24 23:02:13,684 INFO:     Configuration ER_In front of harness RBW 120kHz : 12 mesures
2025-09-24 23:02:13,684 INFO:     - Paramčtres de test : ['Sample ID', 'Configuration', 'Project', 'Operator', 'Test Configuration', 'Axis', 'Operating mode']
2025-09-24 23:02:13,698 INFO:     - Verdict global : OK
2025-09-24 23:02:13,698 INFO:     Configuration ER_In front of harness RBW 1MHz : 8 mesures
2025-09-24 23:02:13,698 INFO:     - Paramčtres de test : ['Sample ID', 'Configuration', 'Project', 'Operator', 'Test Configuration', 'Axis', 'Operating mode']
2025-09-24 23:02:13,706 INFO:     - Verdict global : OK
2025-09-24 23:02:13,706 INFO:     Configuration ER_In front of DUT RBW 120kHz : 12 mesures
2025-09-24 23:02:13,706 INFO:     - Paramčtres de test : ['Sample ID', 'Configuration', 'Project', 'Operator', 'Test Configuration', 'Axis', 'Operating mode']
2025-09-24 23:02:13,721 INFO:     - Verdict global : OK
2025-09-24 23:02:13,721 INFO:     Configuration ER_In front of DUT RBW 1MHz : 12 mesures
2025-09-24 23:02:13,721 INFO:     - Paramčtres de test : ['Sample ID', 'Configuration', 'Project', 'Operator', 'Test Configuration', 'Axis', 'Operating mode']
2025-09-24 23:02:13,734 INFO:     - Verdict global : OK
2025-09-24 23:02:13,734 INFO:     Configuration ER_In front of DUT RBW 9kHz_GNSS : 2 mesures
2025-09-24 23:02:13,735 INFO:     - Paramčtres de test : ['Sample ID', 'Configuration', 'Project', 'Operator', 'Test Configuration', 'Axis', 'Operating mode']
2025-09-24 23:02:13,737 INFO:     - Verdict global : OK
2025-09-24 23:02:13,738 INFO:     Configuration ER_In front of DUT RBW 120kHz : 12 mesures
2025-09-24 23:02:13,738 INFO:     - Paramčtres de test : ['Sample ID', 'Configuration', 'Project', 'Operator', 'Test Configuration', 'Axis', 'Operating mode']
2025-09-24 23:02:13,752 INFO:     - Verdict global : OK
2025-09-24 23:02:13,753 INFO:     Configuration ER_In front of DUT RBW 9kHz_GNSS : 2 mesures
2025-09-24 23:02:13,753 INFO:     - Paramčtres de test : ['Sample ID', 'Configuration', 'Project', 'Operator', 'Test Configuration', 'Axis', 'Operating mode']
2025-09-24 23:02:13,755 INFO:     - Verdict global : OK
2025-09-24 23:02:13,755 INFO:     Configuration ER_In front of DUT RBW 120kHz : 12 mesures
2025-09-24 23:02:13,755 INFO:     - Paramčtres de test : ['Sample ID', 'Configuration', 'Project', 'Operator', 'Test Configuration', 'Axis', 'Operating mode']
2025-09-24 23:02:13,773 INFO:     - Verdict global : OK
