2025-09-11 00:11:31,131 INFO: === Début traitement du fichier RAW ===
2025-09-11 00:11:31,131 INFO: Fichier : raw/raw01.docx
2025-09-11 00:11:49,187 INFO: Nombre de Sample ID trouvés : 1
2025-09-11 00:11:49,187 INFO: Traitement du Sample ID : CRE2-2025-TP002-02
2025-09-11 00:11:49,187 INFO:   - Configurations : 13
2025-09-11 00:11:49,187 INFO:   - Paramètres de test par configuration : 7
2025-09-11 00:11:49,187 INFO:     Configuration ER_In front of harness RBW 9kHz : 0 mesures
2025-09-11 00:11:49,187 INFO:     - Paramètres de test : ['Sample ID', 'Configuration', 'Project', 'RBW']
2025-09-11 00:11:49,188 INFO:     - Verdict global : OK
2025-09-11 00:11:49,188 INFO:     Configuration ER_In front of harness RBW 9kHz_GNSS : 0 mesures
2025-09-11 00:11:49,188 INFO:     - Paramètres de test : ['Sample ID', 'Configuration', 'Project', 'RBW']
2025-09-11 00:11:49,188 INFO:     - Verdict global : OK
2025-09-11 00:11:49,188 INFO:     Configuration ER_In front of DUT RBW 9kHz_GNSS : 0 mesures
2025-09-11 00:11:49,188 INFO:     - Paramètres de test : ['Sample ID', 'Configuration', 'Project', 'RBW']
2025-09-11 00:11:49,188 INFO:     - Verdict global : OK
2025-09-11 00:11:49,188 INFO:     Configuration ER_In front of harness RBW 120kHz With PA : 0 mesures
2025-09-11 00:11:49,188 INFO:     - Paramètres de test : ['Sample ID', 'Configuration', 'Project', 'RBW']
2025-09-11 00:11:49,188 INFO:     - Verdict global : OK
2025-09-11 00:11:49,188 INFO:     Configuration ER_In front of harness RBW 1MHz With PA : 0 mesures
2025-09-11 00:11:49,188 INFO:     - Paramètres de test : ['Sample ID', 'Configuration', 'Project', 'RBW']
2025-09-11 00:11:49,189 INFO:     - Verdict global : OK
2025-09-11 00:11:49,189 INFO:     Configuration ER_In front of DUT RBW 120kHz With PA : 0 mesures
2025-09-11 00:11:49,189 INFO:     - Paramètres de test : ['Sample ID', 'Configuration', 'Project', 'RBW']
2025-09-11 00:11:49,189 INFO:     - Verdict global : OK
2025-09-11 00:11:49,189 INFO:     Configuration ER_In front of DUT RBW 1MHz With PA : 0 mesures
2025-09-11 00:11:49,189 INFO:     - Paramètres de test : ['Sample ID', 'Configuration', 'Project', 'RBW']
2025-09-11 00:11:49,189 INFO:     - Verdict global : OK
2025-09-11 00:11:49,189 INFO:     Configuration ER_In front of DUT RBW 9kHz_GNSS : 0 mesures
2025-09-11 00:11:49,189 INFO:     - Paramètres de test : ['Sample ID', 'Configuration', 'Project', 'RBW']
2025-09-11 00:11:49,189 INFO:     - Verdict global : OK
2025-09-11 00:11:49,189 INFO:     Configuration ER_In front of DUT RBW 120kHz With PA : 0 mesures
2025-09-11 00:11:49,189 INFO:     - Paramètres de test : ['Sample ID', 'Configuration', 'Project', 'RBW']
2025-09-11 00:11:49,189 INFO:     - Verdict global : OK
2025-09-11 00:11:49,189 INFO:     Configuration ER_In front of DUT RBW 1MHz With PA : 0 mesures
2025-09-11 00:11:49,189 INFO:     - Paramètres de test : ['Sample ID', 'Configuration', 'Project', 'RBW']
2025-09-11 00:11:49,189 INFO:     - Verdict global : OK
2025-09-11 00:11:49,189 INFO:     Configuration ER_In front of DUT RBW 9kHz_GNSS : 0 mesures
2025-09-11 00:11:49,190 INFO:     - Paramètres de test : ['Sample ID', 'Configuration', 'Project', 'RBW']
2025-09-11 00:11:49,190 INFO:     - Verdict global : OK
2025-09-11 00:11:49,190 INFO:     Configuration ER_In front of DUT RBW 120kHz With PA : 0 mesures
2025-09-11 00:11:49,190 INFO:     - Paramètres de test : ['Sample ID', 'Configuration', 'Project', 'RBW']
2025-09-11 00:11:49,190 INFO:     - Verdict global : OK
2025-09-11 00:11:49,190 INFO:     Configuration ER_In front of DUT RBW 1MHz With PA : 0 mesures
2025-09-11 00:11:49,190 INFO:     - Paramètres de test : ['Sample ID', 'Configuration', 'Project', 'RBW']
2025-09-11 00:11:49,190 INFO:     - Verdict global : OK
2025-09-11 00:11:49,872 INFO: Exports générés : out/Processed_RAW01.docx, out/Processed_RAW01.csv, out/Processed_RAW01.xlsx
2025-09-11 00:11:49,873 INFO: === Fin traitement ===
