2025-09-24 23:05:23,983 INFO: === Début traitement du fichier RAW ===
2025-09-24 23:05:23,983 INFO: Fichier : raw/raw00.docx
2025-09-24 23:05:31,387 INFO: Nombre de Sample ID trouvés : 1
2025-09-24 23:05:31,387 INFO: Traitement du Sample ID : CRE2-2025-TP002-01
2025-09-24 23:05:31,387 INFO:   - Configurations : 8
2025-09-24 23:05:31,387 INFO:   - Paramčtres de test par configuration : 7
2025-09-24 23:05:31,388 INFO:     Configuration ER_In front of harness RBW 9kHz : 6 mesures
2025-09-24 23:05:31,388 INFO:     - Paramčtres de test : ['Sample ID', 'Configuration', 'Project', 'Operator', 'Test Configuration', 'Axis', 'Operating mode']
2025-09-24 23:05:31,395 INFO:     - Verdict global : OK
2025-09-24 23:05:31,395 INFO:     Configuration ER_In front of harness RBW 9kHz_GNSS : 2 mesures
2025-09-24 23:05:31,395 INFO:     - Paramčtres de test : ['Sample ID', 'Configuration', 'Project', 'Operator', 'Test Configuration', 'Axis', 'Operating mode']
2025-09-24 23:05:31,398 INFO:     - Verdict global : OK
2025-09-24 23:05:31,398 INFO:     Configuration ER_In front of DUT RBW 9kHz_GNSS : 2 mesures
2025-09-24 23:05:31,398 INFO:     - Paramčtres de test : ['Sample ID', 'Configuration', 'Project', 'Operator', 'Test Configuration', 'Axis', 'Operating mode']
2025-09-24 23:05:31,401 INFO:     - Verdict global : OK
2025-09-24 23:05:31,401 INFO:     Configuration ER_In front of harness RBW 120kHz : 12 mesures
2025-09-24 23:05:31,401 INFO:     - Paramčtres de test : ['Sample ID', 'Configuration', 'Project', 'Operator', 'Test Configuration', 'Axis', 'Operating mode']
2025-09-24 23:05:31,415 INFO:     - Verdict global : OK
2025-09-24 23:05:31,417 INFO:     Configuration ER_In front of harness RBW 1MHz : 8 mesures
2025-09-24 23:05:31,417 INFO:     - Paramčtres de test : ['Sample ID', 'Configuration', 'Project', 'Operator', 'Test Configuration', 'Axis', 'Operating mode']
2025-09-24 23:05:31,425 INFO:     - Verdict global : OK
2025-09-24 23:05:31,425 INFO:     Configuration ER_In front of DUT RBW 120kHz : 12 mesures
2025-09-24 23:05:31,425 INFO:     - Paramčtres de test : ['Sample ID', 'Configuration', 'Project', 'Operator', 'Test Configuration', 'Axis', 'Operating mode']
2025-09-24 23:05:31,436 INFO:     - Verdict global : OK
2025-09-24 23:05:31,436 INFO:     Configuration ER_In front of DUT RBW 1MHz : 12 mesures
2025-09-24 23:05:31,436 INFO:     - Paramčtres de test : ['Sample ID', 'Configuration', 'Project', 'Operator', 'Test Configuration', 'Axis', 'Operating mode']
2025-09-24 23:05:31,447 INFO:     - Verdict global : OK
2025-09-24 23:05:31,447 INFO:     Configuration ER_In front of DUT RBW 9kHz_GNSS : 2 mesures
2025-09-24 23:05:31,447 INFO:     - Paramčtres de test : ['Sample ID', 'Configuration', 'Project', 'Operator', 'Test Configuration', 'Axis', 'Operating mode']
2025-09-24 23:05:31,450 INFO:     - Verdict global : OK
2025-09-24 23:05:32,562 INFO: Exports générés : out/Processed_RAW00.docx, out/Processed_RAW00.csv, out/Processed_RAW00.xlsx
2025-09-24 23:05:32,563 INFO: === Fin traitement ===
